[ 2016-03-23T00:13:29+08:00 ] ::1 /clock/index.php/Home/Node/index.html
INFO: [ app_init ] --START--
INFO: Run Behavior\BuildLiteBehavior [ RunTime:0.000008s ]
INFO: [ app_init ] --END-- [ RunTime:0.000177s ]
INFO: [ app_begin ] --START--
INFO: Run Behavior\ReadHtmlCacheBehavior [ RunTime:0.000222s ]
INFO: [ app_begin ] --END-- [ RunTime:0.000247s ]
SQL: SHOW COLUMNS FROM `cl_node` [ RunTime:0.0099s ]
SQL: SELECT `id`,`name`,`title`,`pid` FROM `cl_node` ORDER BY sort  [ RunTime:0.0004s ]

[ 2016-03-23T00:16:12+08:00 ] ::1 /clock/index.php/Home/Node/index.html
INFO: [ app_init ] --START--
INFO: Run Behavior\BuildLiteBehavior [ RunTime:0.000008s ]
INFO: [ app_init ] --END-- [ RunTime:0.000250s ]
INFO: [ app_begin ] --START--
INFO: Run Behavior\ReadHtmlCacheBehavior [ RunTime:0.000234s ]
INFO: [ app_begin ] --END-- [ RunTime:0.000260s ]
SQL: SHOW COLUMNS FROM `cl_node` [ RunTime:0.0099s ]
SQL: SELECT `id`,`name`,`title`,`pid` FROM `cl_node` ORDER BY sort  [ RunTime:0.0005s ]

[ 2016-03-23T00:16:13+08:00 ] ::1 /clock/index.php/Home/Node/index.html
INFO: [ app_init ] --START--
INFO: Run Behavior\BuildLiteBehavior [ RunTime:0.000012s ]
INFO: [ app_init ] --END-- [ RunTime:0.000278s ]
INFO: [ app_begin ] --START--
INFO: Run Behavior\ReadHtmlCacheBehavior [ RunTime:0.000401s ]
INFO: [ app_begin ] --END-- [ RunTime:0.000445s ]
SQL: SHOW COLUMNS FROM `cl_node` [ RunTime:0.0096s ]
SQL: SELECT `id`,`name`,`title`,`pid` FROM `cl_node` ORDER BY sort  [ RunTime:0.0004s ]

[ 2016-03-23T00:16:13+08:00 ] ::1 /clock/index.php/Home/Node/index.html
INFO: [ app_init ] --START--
INFO: Run Behavior\BuildLiteBehavior [ RunTime:0.000008s ]
INFO: [ app_init ] --END-- [ RunTime:0.000171s ]
INFO: [ app_begin ] --START--
INFO: Run Behavior\ReadHtmlCacheBehavior [ RunTime:0.000220s ]
INFO: [ app_begin ] --END-- [ RunTime:0.000244s ]
SQL: SHOW COLUMNS FROM `cl_node` [ RunTime:0.0096s ]
SQL: SELECT `id`,`name`,`title`,`pid` FROM `cl_node` ORDER BY sort  [ RunTime:0.0004s ]

[ 2016-03-23T00:16:14+08:00 ] ::1 /clock/index.php/Home/Node/index.html
INFO: [ app_init ] --START--
INFO: Run Behavior\BuildLiteBehavior [ RunTime:0.000008s ]
INFO: [ app_init ] --END-- [ RunTime:0.000174s ]
INFO: [ app_begin ] --START--
INFO: Run Behavior\ReadHtmlCacheBehavior [ RunTime:0.000219s ]
INFO: [ app_begin ] --END-- [ RunTime:0.000244s ]
SQL: SHOW COLUMNS FROM `cl_node` [ RunTime:0.0098s ]
SQL: SELECT `id`,`name`,`title`,`pid` FROM `cl_node` ORDER BY sort  [ RunTime:0.0003s ]

[ 2016-03-23T00:16:14+08:00 ] ::1 /clock/index.php/Home/Node/index.html
INFO: [ app_init ] --START--
INFO: Run Behavior\BuildLiteBehavior [ RunTime:0.000013s ]
INFO: [ app_init ] --END-- [ RunTime:0.000279s ]
INFO: [ app_begin ] --START--
INFO: Run Behavior\ReadHtmlCacheBehavior [ RunTime:0.000319s ]
INFO: [ app_begin ] --END-- [ RunTime:0.000382s ]
SQL: SHOW COLUMNS FROM `cl_node` [ RunTime:0.0097s ]
SQL: SELECT `id`,`name`,`title`,`pid` FROM `cl_node` ORDER BY sort  [ RunTime:0.0005s ]

[ 2016-03-23T00:16:14+08:00 ] ::1 /clock/index.php/Home/Node/index.html
INFO: [ app_init ] --START--
INFO: Run Behavior\BuildLiteBehavior [ RunTime:0.000012s ]
INFO: [ app_init ] --END-- [ RunTime:0.000269s ]
INFO: [ app_begin ] --START--
INFO: Run Behavior\ReadHtmlCacheBehavior [ RunTime:0.000227s ]
INFO: [ app_begin ] --END-- [ RunTime:0.000251s ]
SQL: SHOW COLUMNS FROM `cl_node` [ RunTime:0.0093s ]
SQL: SELECT `id`,`name`,`title`,`pid` FROM `cl_node` ORDER BY sort  [ RunTime:0.0003s ]

[ 2016-03-23T00:16:14+08:00 ] ::1 /clock/index.php/Home/Node/index.html
INFO: [ app_init ] --START--
INFO: Run Behavior\BuildLiteBehavior [ RunTime:0.000009s ]
INFO: [ app_init ] --END-- [ RunTime:0.000172s ]
INFO: [ app_begin ] --START--
INFO: Run Behavior\ReadHtmlCacheBehavior [ RunTime:0.000218s ]
INFO: [ app_begin ] --END-- [ RunTime:0.000242s ]
SQL: SHOW COLUMNS FROM `cl_node` [ RunTime:0.0098s ]
SQL: SELECT `id`,`name`,`title`,`pid` FROM `cl_node` ORDER BY sort  [ RunTime:0.0003s ]

[ 2016-03-23T00:16:47+08:00 ] ::1 /clock/index.php/Home/Node/index.html
INFO: [ app_init ] --START--
INFO: Run Behavior\BuildLiteBehavior [ RunTime:0.000007s ]
INFO: [ app_init ] --END-- [ RunTime:0.000169s ]
INFO: [ app_begin ] --START--
INFO: Run Behavior\ReadHtmlCacheBehavior [ RunTime:0.000224s ]
INFO: [ app_begin ] --END-- [ RunTime:0.000249s ]
SQL: SHOW COLUMNS FROM `cl_node` [ RunTime:0.0096s ]
SQL: SELECT `id`,`name`,`title`,`pid` FROM `cl_node` ORDER BY sort  [ RunTime:0.0005s ]

[ 2016-03-23T00:16:48+08:00 ] ::1 /clock/index.php/Home/Node/index.html
INFO: [ app_init ] --START--
INFO: Run Behavior\BuildLiteBehavior [ RunTime:0.000012s ]
INFO: [ app_init ] --END-- [ RunTime:0.000280s ]
INFO: [ app_begin ] --START--
INFO: Run Behavior\ReadHtmlCacheBehavior [ RunTime:0.000314s ]
INFO: [ app_begin ] --END-- [ RunTime:0.000354s ]
SQL: SHOW COLUMNS FROM `cl_node` [ RunTime:0.0106s ]
SQL: SELECT `id`,`name`,`title`,`pid` FROM `cl_node` ORDER BY sort  [ RunTime:0.0005s ]

[ 2016-03-23T00:16:48+08:00 ] ::1 /clock/index.php/Home/Node/index.html
INFO: [ app_init ] --START--
INFO: Run Behavior\BuildLiteBehavior [ RunTime:0.000008s ]
INFO: [ app_init ] --END-- [ RunTime:0.000174s ]
INFO: [ app_begin ] --START--
INFO: Run Behavior\ReadHtmlCacheBehavior [ RunTime:0.000220s ]
INFO: [ app_begin ] --END-- [ RunTime:0.000245s ]
SQL: SHOW COLUMNS FROM `cl_node` [ RunTime:0.0097s ]
SQL: SELECT `id`,`name`,`title`,`pid` FROM `cl_node` ORDER BY sort  [ RunTime:0.0005s ]

[ 2016-03-23T00:16:48+08:00 ] ::1 /clock/index.php/Home/Node/index.html
INFO: [ app_init ] --START--
INFO: Run Behavior\BuildLiteBehavior [ RunTime:0.000012s ]
INFO: [ app_init ] --END-- [ RunTime:0.000269s ]
INFO: [ app_begin ] --START--
INFO: Run Behavior\ReadHtmlCacheBehavior [ RunTime:0.000249s ]
INFO: [ app_begin ] --END-- [ RunTime:0.000279s ]
SQL: SHOW COLUMNS FROM `cl_node` [ RunTime:0.0097s ]
SQL: SELECT `id`,`name`,`title`,`pid` FROM `cl_node` ORDER BY sort  [ RunTime:0.0005s ]

[ 2016-03-23T00:19:48+08:00 ] ::1 /clock/index.php/Home/Node/index.html
INFO: [ app_init ] --START--
INFO: Run Behavior\BuildLiteBehavior [ RunTime:0.000017s ]
INFO: [ app_init ] --END-- [ RunTime:0.000439s ]
INFO: [ app_begin ] --START--
INFO: Run Behavior\ReadHtmlCacheBehavior [ RunTime:0.000555s ]
INFO: [ app_begin ] --END-- [ RunTime:0.000616s ]
SQL: SHOW COLUMNS FROM `cl_node` [ RunTime:0.0102s ]
SQL: SELECT `id`,`name`,`title`,`pid` FROM `cl_node` ORDER BY sort  [ RunTime:0.0006s ]

[ 2016-03-23T00:19:54+08:00 ] ::1 /clock/index.php/
INFO: [ app_init ] --START--
INFO: Run Behavior\BuildLiteBehavior [ RunTime:0.000008s ]
INFO: [ app_init ] --END-- [ RunTime:0.000174s ]
INFO: [ app_begin ] --START--
INFO: Run Behavior\ReadHtmlCacheBehavior [ RunTime:0.000220s ]
INFO: [ app_begin ] --END-- [ RunTime:0.000245s ]
INFO: [ view_parse ] --START--
INFO: [ template_filter ] --START--
INFO: Run Behavior\ContentReplaceBehavior [ RunTime:0.000029s ]
INFO: [ template_filter ] --END-- [ RunTime:0.000071s ]
INFO: Run Behavior\ParseTemplateBehavior [ RunTime:0.005121s ]
INFO: [ view_parse ] --END-- [ RunTime:0.005190s ]
INFO: [ view_filter ] --START--
INFO: Run Behavior\WriteHtmlCacheBehavior [ RunTime:0.000207s ]
INFO: [ view_filter ] --END-- [ RunTime:0.000265s ]
INFO: [ app_end ] --START--
INFO: Run Behavior\ShowPageTraceBehavior [ RunTime:0.000321s ]
INFO: [ app_end ] --END-- [ RunTime:0.000346s ]

[ 2016-03-23T00:19:57+08:00 ] ::1 /clock/index.php/Home/Node/addNode.html
INFO: [ app_init ] --START--
INFO: Run Behavior\BuildLiteBehavior [ RunTime:0.000014s ]
INFO: [ app_init ] --END-- [ RunTime:0.000400s ]
INFO: [ app_begin ] --START--
INFO: Run Behavior\ReadHtmlCacheBehavior [ RunTime:0.000407s ]
INFO: [ app_begin ] --END-- [ RunTime:0.000451s ]
INFO: [ view_parse ] --START--
INFO: [ template_filter ] --START--
INFO: Run Behavior\ContentReplaceBehavior [ RunTime:0.000058s ]
INFO: [ template_filter ] --END-- [ RunTime:0.000123s ]
NOTIC: [8] Undefined variable: h /Applications/XAMPP/xamppfiles/htdocs/clock/Runtime/Cache/Home/e120bf7285cc23eba5e7abd0dd19ff72.php 第 79 行.
NOTIC: [8] Undefined variable: breadcrumb /Applications/XAMPP/xamppfiles/htdocs/clock/Runtime/Cache/Home/e120bf7285cc23eba5e7abd0dd19ff72.php 第 83 行.
INFO: Run Behavior\ParseTemplateBehavior [ RunTime:0.016214s ]
INFO: [ view_parse ] --END-- [ RunTime:0.016271s ]
INFO: [ view_filter ] --START--
INFO: Run Behavior\WriteHtmlCacheBehavior [ RunTime:0.000217s ]
INFO: [ view_filter ] --END-- [ RunTime:0.000263s ]
INFO: [ app_end ] --START--
INFO: Run Behavior\ShowPageTraceBehavior [ RunTime:0.000577s ]
INFO: [ app_end ] --END-- [ RunTime:0.000630s ]

[ 2016-03-23T00:20:00+08:00 ] ::1 /clock/index.php/Home/Node/index.html
INFO: [ app_init ] --START--
INFO: Run Behavior\BuildLiteBehavior [ RunTime:0.000017s ]
INFO: [ app_init ] --END-- [ RunTime:0.000409s ]
INFO: [ app_begin ] --START--
INFO: Run Behavior\ReadHtmlCacheBehavior [ RunTime:0.000532s ]
INFO: [ app_begin ] --END-- [ RunTime:0.000591s ]
SQL: SHOW COLUMNS FROM `cl_node` [ RunTime:0.0097s ]
SQL: SELECT `id`,`name`,`title`,`pid` FROM `cl_node` ORDER BY sort  [ RunTime:0.0004s ]

[ 2016-03-23T00:20:48+08:00 ] ::1 /clock/index.php/Home/Node/index.html
INFO: [ app_init ] --START--
INFO: Run Behavior\BuildLiteBehavior [ RunTime:0.000012s ]
INFO: [ app_init ] --END-- [ RunTime:0.000275s ]
INFO: [ app_begin ] --START--
INFO: Run Behavior\ReadHtmlCacheBehavior [ RunTime:0.000366s ]
INFO: [ app_begin ] --END-- [ RunTime:0.000406s ]
SQL: SHOW COLUMNS FROM `cl_node` [ RunTime:0.0090s ]
SQL: SELECT `id`,`name`,`title`,`pid` FROM `cl_node` ORDER BY sort  [ RunTime:0.0003s ]
INFO: [ view_parse ] --START--
INFO: [ template_filter ] --START--
INFO: Run Behavior\ContentReplaceBehavior [ RunTime:0.000034s ]
INFO: [ template_filter ] --END-- [ RunTime:0.000064s ]
NOTIC: [8] Undefined variable: h /Applications/XAMPP/xamppfiles/htdocs/clock/Runtime/Cache/Home/42fa7e07fa0e3a197760fab1185f408e.php 第 79 行.
NOTIC: [8] Undefined variable: breadcrumb /Applications/XAMPP/xamppfiles/htdocs/clock/Runtime/Cache/Home/42fa7e07fa0e3a197760fab1185f408e.php 第 83 行.
NOTIC: [8] Use of undefined constant id - assumed 'id' /Applications/XAMPP/xamppfiles/htdocs/clock/Runtime/Cache/Home/42fa7e07fa0e3a197760fab1185f408e.php 第 102 行.
NOTIC: [8] Undefined index: child /Applications/XAMPP/xamppfiles/htdocs/clock/Runtime/Cache/Home/42fa7e07fa0e3a197760fab1185f408e.php 第 107 行.
INFO: Run Behavior\ParseTemplateBehavior [ RunTime:0.008459s ]
INFO: [ view_parse ] --END-- [ RunTime:0.008497s ]
INFO: [ view_filter ] --START--
INFO: Run Behavior\WriteHtmlCacheBehavior [ RunTime:0.000089s ]
INFO: [ view_filter ] --END-- [ RunTime:0.000108s ]
INFO: [ app_end ] --START--
INFO: Run Behavior\ShowPageTraceBehavior [ RunTime:0.000257s ]
INFO: [ app_end ] --END-- [ RunTime:0.000277s ]

