[ 2016-04-06T00:02:28+08:00 ] ::1 /clock/index.php/Home/Node/addNode.html
INFO: [ app_init ] --START--
INFO: Run Behavior\BuildLiteBehavior [ RunTime:0.000008s ]
INFO: [ app_init ] --END-- [ RunTime:0.000178s ]
INFO: [ app_begin ] --START--
INFO: Run Behavior\ReadHtmlCacheBehavior [ RunTime:0.000228s ]
INFO: [ app_begin ] --END-- [ RunTime:0.000253s ]
INFO: [ view_parse ] --START--
INFO: [ template_filter ] --START--
INFO: Run Behavior\ContentReplaceBehavior [ RunTime:0.000023s ]
INFO: [ template_filter ] --END-- [ RunTime:0.000047s ]
NOTIC: [8] Undefined variable: h /Applications/XAMPP/xamppfiles/htdocs/clock/Runtime/Cache/Home/e120bf7285cc23eba5e7abd0dd19ff72.php 第 78 行.
NOTIC: [8] Undefined variable: breadcrumb /Applications/XAMPP/xamppfiles/htdocs/clock/Runtime/Cache/Home/e120bf7285cc23eba5e7abd0dd19ff72.php 第 82 行.
INFO: Run Behavior\ParseTemplateBehavior [ RunTime:0.013250s ]
INFO: [ view_parse ] --END-- [ RunTime:0.013305s ]
INFO: [ view_filter ] --START--
INFO: Run Behavior\WriteHtmlCacheBehavior [ RunTime:0.000241s ]
INFO: [ view_filter ] --END-- [ RunTime:0.000290s ]
INFO: [ app_end ] --START--
INFO: Run Behavior\ShowPageTraceBehavior [ RunTime:0.001240s ]
INFO: [ app_end ] --END-- [ RunTime:0.001318s ]

[ 2016-04-06T00:02:31+08:00 ] ::1 /clock/index.php/Home/Node/index.html
INFO: [ app_init ] --START--
INFO: Run Behavior\BuildLiteBehavior [ RunTime:0.000013s ]
INFO: [ app_init ] --END-- [ RunTime:0.000247s ]
INFO: [ app_begin ] --START--
INFO: Run Behavior\ReadHtmlCacheBehavior [ RunTime:0.000268s ]
INFO: [ app_begin ] --END-- [ RunTime:0.000300s ]
SQL: SHOW COLUMNS FROM `cl_node` [ RunTime:0.0184s ]
SQL: SELECT `id`,`name`,`title`,`pid` FROM `cl_node` ORDER BY sort  [ RunTime:0.0014s ]
INFO: [ view_parse ] --START--
INFO: [ template_filter ] --START--
INFO: Run Behavior\ContentReplaceBehavior [ RunTime:0.000042s ]
INFO: [ template_filter ] --END-- [ RunTime:0.000080s ]
NOTIC: [8] Undefined variable: h /Applications/XAMPP/xamppfiles/htdocs/clock/Runtime/Cache/Home/42fa7e07fa0e3a197760fab1185f408e.php 第 78 行.
NOTIC: [8] Undefined variable: breadcrumb /Applications/XAMPP/xamppfiles/htdocs/clock/Runtime/Cache/Home/42fa7e07fa0e3a197760fab1185f408e.php 第 82 行.
NOTIC: [8] Use of undefined constant id - assumed 'id' /Applications/XAMPP/xamppfiles/htdocs/clock/Runtime/Cache/Home/42fa7e07fa0e3a197760fab1185f408e.php 第 101 行.
INFO: Run Behavior\ParseTemplateBehavior [ RunTime:0.014684s ]
INFO: [ view_parse ] --END-- [ RunTime:0.014730s ]
INFO: [ view_filter ] --START--
INFO: Run Behavior\WriteHtmlCacheBehavior [ RunTime:0.000102s ]
INFO: [ view_filter ] --END-- [ RunTime:0.000121s ]
INFO: [ app_end ] --START--
INFO: Run Behavior\ShowPageTraceBehavior [ RunTime:0.000324s ]
INFO: [ app_end ] --END-- [ RunTime:0.000356s ]

[ 2016-04-06T00:02:34+08:00 ] ::1 /clock/index.php/Home/Role/addRole.html
INFO: [ app_init ] --START--
INFO: Run Behavior\BuildLiteBehavior [ RunTime:0.000013s ]
INFO: [ app_init ] --END-- [ RunTime:0.000312s ]
INFO: [ app_begin ] --START--
INFO: Run Behavior\ReadHtmlCacheBehavior [ RunTime:0.000407s ]
INFO: [ app_begin ] --END-- [ RunTime:0.000452s ]
INFO: [ view_parse ] --START--
INFO: [ template_filter ] --START--
INFO: Run Behavior\ContentReplaceBehavior [ RunTime:0.000033s ]
INFO: [ template_filter ] --END-- [ RunTime:0.000070s ]
NOTIC: [8] Undefined variable: h /Applications/XAMPP/xamppfiles/htdocs/clock/Runtime/Cache/Home/ec1fbc9a74de038cd4e94c5eed4edec7.php 第 78 行.
NOTIC: [8] Undefined variable: breadcrumb /Applications/XAMPP/xamppfiles/htdocs/clock/Runtime/Cache/Home/ec1fbc9a74de038cd4e94c5eed4edec7.php 第 82 行.
INFO: Run Behavior\ParseTemplateBehavior [ RunTime:0.015676s ]
INFO: [ view_parse ] --END-- [ RunTime:0.015763s ]
INFO: [ view_filter ] --START--
INFO: Run Behavior\WriteHtmlCacheBehavior [ RunTime:0.000348s ]
INFO: [ view_filter ] --END-- [ RunTime:0.000413s ]
INFO: [ app_end ] --START--
INFO: Run Behavior\ShowPageTraceBehavior [ RunTime:0.000976s ]
INFO: [ app_end ] --END-- [ RunTime:0.001082s ]

[ 2016-04-06T00:02:37+08:00 ] ::1 /clock/index.php/Home/User/index.html
INFO: [ app_init ] --START--
INFO: Run Behavior\BuildLiteBehavior [ RunTime:0.000009s ]
INFO: [ app_init ] --END-- [ RunTime:0.000179s ]
INFO: [ app_begin ] --START--
INFO: Run Behavior\ReadHtmlCacheBehavior [ RunTime:0.000253s ]
INFO: [ app_begin ] --END-- [ RunTime:0.000278s ]
ERR: SQLSTATE[42S02]: Base table or view not found: 1146 Table 'clock.cl_user_relation' doesn't exist

[ 2016-04-06T00:04:20+08:00 ] ::1 /clock/index.php/Home/User/index.html
INFO: [ app_init ] --START--
INFO: Run Behavior\BuildLiteBehavior [ RunTime:0.000014s ]
INFO: [ app_init ] --END-- [ RunTime:0.000249s ]
INFO: [ app_begin ] --START--
INFO: Run Behavior\ReadHtmlCacheBehavior [ RunTime:0.000267s ]
INFO: [ app_begin ] --END-- [ RunTime:0.000299s ]
NOTIC: [8] Use of undefined constant MANY_TO_MANY - assumed 'MANY_TO_MANY' /Applications/XAMPP/xamppfiles/htdocs/clock/ThinkPHP/Common/functions.php 第 588 行.
SQL: SHOW COLUMNS FROM `cl_user` [ RunTime:0.0187s ]
SQL: SELECT COUNT(*) AS tp_count FROM `cl_user` LIMIT 1   [ RunTime:0.0004s ]
SQL: SELECT `id`,`username`,`nickname`,`email`,`phone`,`login_count`,`register_time`,`last_login_time`,`last_login_ip`,`status`,`remark` FROM `cl_user` LIMIT 0,15   [ RunTime:0.0005s ]
ERR: 模板不存在:./App/Home/View/User/index.html

[ 2016-04-06T00:13:11+08:00 ] ::1 /clock/index.php/Home/User/index.html
INFO: [ app_init ] --START--
INFO: Run Behavior\BuildLiteBehavior [ RunTime:0.000018s ]
INFO: [ app_init ] --END-- [ RunTime:0.000427s ]
INFO: [ app_begin ] --START--
INFO: Run Behavior\ReadHtmlCacheBehavior [ RunTime:0.000542s ]
INFO: [ app_begin ] --END-- [ RunTime:0.000603s ]
NOTIC: [8] Use of undefined constant MANY_TO_MANY - assumed 'MANY_TO_MANY' /Applications/XAMPP/xamppfiles/htdocs/clock/ThinkPHP/Common/functions.php 第 588 行.
SQL: SHOW COLUMNS FROM `cl_user` [ RunTime:0.0181s ]
SQL: SELECT COUNT(*) AS tp_count FROM `cl_user` LIMIT 1   [ RunTime:0.0003s ]
SQL: SELECT `id`,`username`,`nickname`,`email`,`phone`,`login_count`,`register_time`,`last_login_time`,`last_login_ip`,`status`,`remark` FROM `cl_user` LIMIT 0,15   [ RunTime:0.0004s ]
INFO: [ view_parse ] --START--
INFO: [ template_filter ] --START--
INFO: Run Behavior\ContentReplaceBehavior [ RunTime:0.000086s ]
INFO: [ template_filter ] --END-- [ RunTime:0.000163s ]
NOTIC: [8] Undefined variable: h /Applications/XAMPP/xamppfiles/htdocs/clock/Runtime/Cache/Home/64032f3cba072b42246c94805e3ede75.php 第 78 行.
NOTIC: [8] Undefined variable: breadcrumb /Applications/XAMPP/xamppfiles/htdocs/clock/Runtime/Cache/Home/64032f3cba072b42246c94805e3ede75.php 第 82 行.
INFO: Run Behavior\ParseTemplateBehavior [ RunTime:0.014320s ]
INFO: [ view_parse ] --END-- [ RunTime:0.014368s ]
INFO: [ view_filter ] --START--
INFO: Run Behavior\WriteHtmlCacheBehavior [ RunTime:0.000148s ]
INFO: [ view_filter ] --END-- [ RunTime:0.000177s ]
INFO: [ app_end ] --START--
INFO: Run Behavior\ShowPageTraceBehavior [ RunTime:0.000400s ]
INFO: [ app_end ] --END-- [ RunTime:0.000435s ]

[ 2016-04-06T00:13:18+08:00 ] ::1 /clock/index.php/Home/User/addUser.html
INFO: [ app_init ] --START--
INFO: Run Behavior\BuildLiteBehavior [ RunTime:0.000008s ]
INFO: [ app_init ] --END-- [ RunTime:0.000185s ]
INFO: [ app_begin ] --START--
INFO: Run Behavior\ReadHtmlCacheBehavior [ RunTime:0.000283s ]
INFO: [ app_begin ] --END-- [ RunTime:0.000309s ]
ERR: SQLSTATE[42S02]: Base table or view not found: 1146 Table 'clock.cl_department' doesn't exist

[ 2016-04-06T00:15:12+08:00 ] ::1 /clock/index.php/Home/User/addUser.html
INFO: [ app_init ] --START--
INFO: Run Behavior\BuildLiteBehavior [ RunTime:0.000007s ]
INFO: [ app_init ] --END-- [ RunTime:0.000168s ]
INFO: [ app_begin ] --START--
INFO: Run Behavior\ReadHtmlCacheBehavior [ RunTime:0.000250s ]
INFO: [ app_begin ] --END-- [ RunTime:0.000276s ]
ERR: SQLSTATE[42S02]: Base table or view not found: 1146 Table 'clock.cl_department' doesn't exist

[ 2016-04-06T00:16:29+08:00 ] ::1 /clock/index.php/Home/User/addUser.html
INFO: [ app_init ] --START--
INFO: Run Behavior\BuildLiteBehavior [ RunTime:0.000007s ]
INFO: [ app_init ] --END-- [ RunTime:0.000170s ]
INFO: [ app_begin ] --START--
INFO: Run Behavior\ReadHtmlCacheBehavior [ RunTime:0.000219s ]
INFO: [ app_begin ] --END-- [ RunTime:0.000243s ]
SQL: SHOW COLUMNS FROM `cl_role` [ RunTime:0.0096s ]
SQL: SELECT `id`,`title` FROM `cl_role`  [ RunTime:0.0003s ]
INFO: [ view_parse ] --START--
INFO: [ template_filter ] --START--
INFO: Run Behavior\ContentReplaceBehavior [ RunTime:0.000043s ]
INFO: [ template_filter ] --END-- [ RunTime:0.000094s ]
NOTIC: [8] Undefined variable: h /Applications/XAMPP/xamppfiles/htdocs/clock/Runtime/Cache/Home/ddaad0ebbb2ff6acc1333ee8a0e95271.php 第 78 行.
NOTIC: [8] Undefined variable: breadcrumb /Applications/XAMPP/xamppfiles/htdocs/clock/Runtime/Cache/Home/ddaad0ebbb2ff6acc1333ee8a0e95271.php 第 82 行.
INFO: Run Behavior\ParseTemplateBehavior [ RunTime:0.007609s ]
INFO: [ view_parse ] --END-- [ RunTime:0.007641s ]
INFO: [ view_filter ] --START--
INFO: Run Behavior\WriteHtmlCacheBehavior [ RunTime:0.000094s ]
INFO: [ view_filter ] --END-- [ RunTime:0.000113s ]
INFO: [ app_end ] --START--
INFO: Run Behavior\ShowPageTraceBehavior [ RunTime:0.000250s ]
INFO: [ app_end ] --END-- [ RunTime:0.000272s ]

[ 2016-04-06T00:17:24+08:00 ] ::1 /clock/index.php/Home/User/addUser.html
INFO: [ app_init ] --START--
INFO: Run Behavior\BuildLiteBehavior [ RunTime:0.000006s ]
INFO: [ app_init ] --END-- [ RunTime:0.000169s ]
INFO: [ app_begin ] --START--
INFO: Run Behavior\ReadHtmlCacheBehavior [ RunTime:0.000221s ]
INFO: [ app_begin ] --END-- [ RunTime:0.000247s ]
SQL: SHOW COLUMNS FROM `cl_user` [ RunTime:0.0014s ]
SQL: SELECT * FROM `cl_user` WHERE `username` = 'admin' LIMIT 1   [ RunTime:0.0003s ]
SQL: SELECT * FROM `cl_user` WHERE `email` = '123@11.cc' LIMIT 1   [ RunTime:0.0002s ]
SQL: INSERT INTO `cl_user` (`username`,`nickname`,`password`,`phone`,`email`,`remark`,`status`,`login_count`,`register_time`,`last_login_time`,`last_login_ip`) VALUES ('admin','admin','ff7a0e56e67ead89bf4f0728f20b8faa','13750505530','123@11.cc','','1','0','1459873044','1459873044','0.0.0.0') [ RunTime:0.0002s ]
SQL: SHOW COLUMNS FROM `cl_role_user` [ RunTime:0.0011s ]
SQL: INSERT INTO `cl_role_user` (`role_id`,`user_id`) VALUES ('0','1') [ RunTime:0.0002s ]
INFO: [ view_parse ] --START--
INFO: [ template_filter ] --START--
INFO: Run Behavior\ContentReplaceBehavior [ RunTime:0.000031s ]
INFO: [ template_filter ] --END-- [ RunTime:0.000062s ]
INFO: Run Behavior\ParseTemplateBehavior [ RunTime:0.002944s ]
INFO: [ view_parse ] --END-- [ RunTime:0.002974s ]
INFO: [ view_filter ] --START--
INFO: Run Behavior\WriteHtmlCacheBehavior [ RunTime:0.000096s ]
INFO: [ view_filter ] --END-- [ RunTime:0.000115s ]
SQL: SHOW COLUMNS FROM `cl_role` [ RunTime:0.0012s ]
SQL: SELECT `id`,`title` FROM `cl_role`  [ RunTime:0.0002s ]
INFO: [ view_parse ] --START--
INFO: [ template_filter ] --START--
INFO: Run Behavior\ContentReplaceBehavior [ RunTime:0.000040s ]
INFO: [ template_filter ] --END-- [ RunTime:-0.005744s ]
NOTIC: [8] Undefined variable: h /Applications/XAMPP/xamppfiles/htdocs/clock/Runtime/Cache/Home/ddaad0ebbb2ff6acc1333ee8a0e95271.php 第 78 行.
NOTIC: [8] Undefined variable: breadcrumb /Applications/XAMPP/xamppfiles/htdocs/clock/Runtime/Cache/Home/ddaad0ebbb2ff6acc1333ee8a0e95271.php 第 82 行.
INFO: Run Behavior\ParseTemplateBehavior [ RunTime:0.004766s ]
INFO: [ view_parse ] --END-- [ RunTime:-0.001950s ]
INFO: [ view_filter ] --START--
INFO: Run Behavior\WriteHtmlCacheBehavior [ RunTime:0.000008s ]
INFO: [ view_filter ] --END-- [ RunTime:-0.006634s ]
INFO: [ app_end ] --START--
INFO: Run Behavior\ShowPageTraceBehavior [ RunTime:0.000551s ]
INFO: [ app_end ] --END-- [ RunTime:0.000592s ]

[ 2016-04-06T00:17:25+08:00 ] ::1 /clock/index.php/Home/User/index.html
INFO: [ app_init ] --START--
INFO: Run Behavior\BuildLiteBehavior [ RunTime:0.000011s ]
INFO: [ app_init ] --END-- [ RunTime:0.000275s ]
INFO: [ app_begin ] --START--
INFO: Run Behavior\ReadHtmlCacheBehavior [ RunTime:0.000256s ]
INFO: [ app_begin ] --END-- [ RunTime:0.000293s ]
NOTIC: [8] Use of undefined constant MANY_TO_MANY - assumed 'MANY_TO_MANY' /Applications/XAMPP/xamppfiles/htdocs/clock/ThinkPHP/Common/functions.php 第 588 行.
SQL: SHOW COLUMNS FROM `cl_user` [ RunTime:0.0086s ]
SQL: SELECT COUNT(*) AS tp_count FROM `cl_user` LIMIT 1   [ RunTime:0.0002s ]
SQL: SELECT `id`,`username`,`nickname`,`email`,`phone`,`login_count`,`register_time`,`last_login_time`,`last_login_ip`,`status`,`remark` FROM `cl_user` LIMIT 0,15   [ RunTime:0.0002s ]
SQL: SHOW COLUMNS FROM `cl_role` [ RunTime:0.0012s ]
NOTIC: [8] Undefined variable: relationData /Applications/XAMPP/xamppfiles/htdocs/clock/ThinkPHP/Library/Think/Model/RelationModel.class.php 第 227 行.
NOTIC: [8] Undefined index: department_id /Applications/XAMPP/xamppfiles/htdocs/clock/App/Home/Controller/UserController.class.php 第 16 行.
ERR: SQLSTATE[42S02]: Base table or view not found: 1146 Table 'clock.cl_department' doesn't exist

[ 2016-04-06T00:18:25+08:00 ] ::1 /clock/index.php/Home/User/index.html
INFO: [ app_init ] --START--
INFO: Run Behavior\BuildLiteBehavior [ RunTime:0.000014s ]
INFO: [ app_init ] --END-- [ RunTime:0.000247s ]
INFO: [ app_begin ] --START--
INFO: Run Behavior\ReadHtmlCacheBehavior [ RunTime:0.000265s ]
INFO: [ app_begin ] --END-- [ RunTime:0.000297s ]
NOTIC: [8] Use of undefined constant MANY_TO_MANY - assumed 'MANY_TO_MANY' /Applications/XAMPP/xamppfiles/htdocs/clock/ThinkPHP/Common/functions.php 第 588 行.
SQL: SHOW COLUMNS FROM `cl_user` [ RunTime:0.0099s ]
SQL: SELECT COUNT(*) AS tp_count FROM `cl_user` LIMIT 1   [ RunTime:0.0004s ]
SQL: SELECT `id`,`username`,`nickname`,`email`,`phone`,`login_count`,`register_time`,`last_login_time`,`last_login_ip`,`status`,`remark` FROM `cl_user` LIMIT 0,15   [ RunTime:0.0005s ]
SQL: SHOW COLUMNS FROM `cl_role` [ RunTime:0.0017s ]
NOTIC: [8] Undefined variable: relationData /Applications/XAMPP/xamppfiles/htdocs/clock/ThinkPHP/Library/Think/Model/RelationModel.class.php 第 227 行.
INFO: [ view_parse ] --START--
INFO: [ template_filter ] --START--
INFO: Run Behavior\ContentReplaceBehavior [ RunTime:0.000057s ]
INFO: [ template_filter ] --END-- [ RunTime:0.000103s ]
NOTIC: [8] Undefined variable: h /Applications/XAMPP/xamppfiles/htdocs/clock/Runtime/Cache/Home/64032f3cba072b42246c94805e3ede75.php 第 78 行.
NOTIC: [8] Undefined variable: breadcrumb /Applications/XAMPP/xamppfiles/htdocs/clock/Runtime/Cache/Home/64032f3cba072b42246c94805e3ede75.php 第 82 行.
NOTIC: [8] Undefined index: department_id /Applications/XAMPP/xamppfiles/htdocs/clock/Runtime/Cache/Home/64032f3cba072b42246c94805e3ede75.php 第 123 行.
NOTIC: [8] Undefined index: position_id /Applications/XAMPP/xamppfiles/htdocs/clock/Runtime/Cache/Home/64032f3cba072b42246c94805e3ede75.php 第 124 行.
NOTIC: [8] Use of undefined constant status - assumed 'status' /Applications/XAMPP/xamppfiles/htdocs/clock/Runtime/Cache/Home/64032f3cba072b42246c94805e3ede75.php 第 127 行.
INFO: Run Behavior\ParseTemplateBehavior [ RunTime:0.014092s ]
INFO: [ view_parse ] --END-- [ RunTime:0.014138s ]
INFO: [ view_filter ] --START--
INFO: Run Behavior\WriteHtmlCacheBehavior [ RunTime:0.000151s ]
INFO: [ view_filter ] --END-- [ RunTime:0.000182s ]
INFO: [ app_end ] --START--
INFO: Run Behavior\ShowPageTraceBehavior [ RunTime:0.000358s ]
INFO: [ app_end ] --END-- [ RunTime:0.000386s ]

[ 2016-04-06T00:19:06+08:00 ] ::1 /clock/index.php/Home/User/index.html
INFO: [ app_init ] --START--
INFO: Run Behavior\BuildLiteBehavior [ RunTime:0.000014s ]
INFO: [ app_init ] --END-- [ RunTime:0.000246s ]
INFO: [ app_begin ] --START--
INFO: Run Behavior\ReadHtmlCacheBehavior [ RunTime:0.000281s ]
INFO: [ app_begin ] --END-- [ RunTime:0.000313s ]
NOTIC: [8] Use of undefined constant MANY_TO_MANY - assumed 'MANY_TO_MANY' /Applications/XAMPP/xamppfiles/htdocs/clock/ThinkPHP/Common/functions.php 第 588 行.
SQL: SHOW COLUMNS FROM `cl_user` [ RunTime:0.0099s ]
SQL: SELECT COUNT(*) AS tp_count FROM `cl_user` LIMIT 1   [ RunTime:0.0005s ]
SQL: SELECT `id`,`username`,`nickname`,`email`,`phone`,`login_count`,`register_time`,`last_login_time`,`last_login_ip`,`status`,`remark` FROM `cl_user` LIMIT 0,15   [ RunTime:0.0005s ]
SQL: SHOW COLUMNS FROM `cl_role` [ RunTime:0.0018s ]
NOTIC: [8] Undefined variable: relationData /Applications/XAMPP/xamppfiles/htdocs/clock/ThinkPHP/Library/Think/Model/RelationModel.class.php 第 227 行.
INFO: [ view_parse ] --START--
INFO: [ template_filter ] --START--
INFO: Run Behavior\ContentReplaceBehavior [ RunTime:0.000060s ]
INFO: [ template_filter ] --END-- [ RunTime:0.000113s ]
NOTIC: [8] Undefined variable: h /Applications/XAMPP/xamppfiles/htdocs/clock/Runtime/Cache/Home/64032f3cba072b42246c94805e3ede75.php 第 78 行.
NOTIC: [8] Undefined variable: breadcrumb /Applications/XAMPP/xamppfiles/htdocs/clock/Runtime/Cache/Home/64032f3cba072b42246c94805e3ede75.php 第 82 行.
NOTIC: [8] Use of undefined constant status - assumed 'status' /Applications/XAMPP/xamppfiles/htdocs/clock/Runtime/Cache/Home/64032f3cba072b42246c94805e3ede75.php 第 123 行.
INFO: Run Behavior\ParseTemplateBehavior [ RunTime:0.013564s ]
INFO: [ view_parse ] --END-- [ RunTime:0.013600s ]
INFO: [ view_filter ] --START--
INFO: Run Behavior\WriteHtmlCacheBehavior [ RunTime:0.000091s ]
INFO: [ view_filter ] --END-- [ RunTime:0.000110s ]
INFO: [ app_end ] --START--
INFO: Run Behavior\ShowPageTraceBehavior [ RunTime:0.000267s ]
INFO: [ app_end ] --END-- [ RunTime:0.000289s ]

[ 2016-04-06T00:21:22+08:00 ] ::1 /clock/index.php/Home/User/index.html
INFO: [ app_init ] --START--
INFO: Run Behavior\BuildLiteBehavior [ RunTime:0.000008s ]
INFO: [ app_init ] --END-- [ RunTime:0.000173s ]
INFO: [ app_begin ] --START--
INFO: Run Behavior\ReadHtmlCacheBehavior [ RunTime:0.000225s ]
INFO: [ app_begin ] --END-- [ RunTime:0.000253s ]
NOTIC: [8] Use of undefined constant MANY_TO_MANY - assumed 'MANY_TO_MANY' /Applications/XAMPP/xamppfiles/htdocs/clock/ThinkPHP/Common/functions.php 第 588 行.
SQL: SHOW COLUMNS FROM `cl_user` [ RunTime:0.0100s ]
SQL: SELECT COUNT(*) AS tp_count FROM `cl_user` LIMIT 1   [ RunTime:0.0004s ]
SQL: SELECT `id`,`username`,`nickname`,`email`,`phone`,`login_count`,`register_time`,`last_login_time`,`last_login_ip`,`status`,`remark` FROM `cl_user` LIMIT 0,15   [ RunTime:0.0005s ]
SQL: SHOW COLUMNS FROM `cl_role` [ RunTime:0.0016s ]
NOTIC: [8] Undefined variable: relationData /Applications/XAMPP/xamppfiles/htdocs/clock/ThinkPHP/Library/Think/Model/RelationModel.class.php 第 227 行.
INFO: [ view_parse ] --START--
INFO: [ template_filter ] --START--
INFO: Run Behavior\ContentReplaceBehavior [ RunTime:0.000047s ]
INFO: [ template_filter ] --END-- [ RunTime:0.000097s ]
NOTIC: [8] Undefined variable: h /Applications/XAMPP/xamppfiles/htdocs/clock/Runtime/Cache/Home/64032f3cba072b42246c94805e3ede75.php 第 78 行.
NOTIC: [8] Undefined variable: breadcrumb /Applications/XAMPP/xamppfiles/htdocs/clock/Runtime/Cache/Home/64032f3cba072b42246c94805e3ede75.php 第 82 行.
INFO: Run Behavior\ParseTemplateBehavior [ RunTime:0.012545s ]
INFO: [ view_parse ] --END-- [ RunTime:0.012591s ]
INFO: [ view_filter ] --START--
INFO: Run Behavior\WriteHtmlCacheBehavior [ RunTime:0.000221s ]
INFO: [ view_filter ] --END-- [ RunTime:0.000264s ]
INFO: [ app_end ] --START--
INFO: Run Behavior\ShowPageTraceBehavior [ RunTime:0.000595s ]
INFO: [ app_end ] --END-- [ RunTime:0.000648s ]

[ 2016-04-06T00:21:25+08:00 ] ::1 /clock/index.php/Home/User/access/0/uid/1/0.html
INFO: [ app_init ] --START--
INFO: Run Behavior\BuildLiteBehavior [ RunTime:0.000031s ]
INFO: [ app_init ] --END-- [ RunTime:0.000561s ]
INFO: [ app_begin ] --START--
INFO: Run Behavior\ReadHtmlCacheBehavior [ RunTime:0.000509s ]
INFO: [ app_begin ] --END-- [ RunTime:0.000568s ]
SQL: SHOW COLUMNS FROM `cl_role_user` [ RunTime:0.0013s ]
SQL: SHOW COLUMNS FROM `cl_role` [ RunTime:0.0009s ]
INFO: [ app_end ] --START--
INFO: Run Behavior\ShowPageTraceBehavior [ RunTime:0.000348s ]
INFO: [ app_end ] --END-- [ RunTime:0.000378s ]

[ 2016-04-06T00:22:35+08:00 ] ::1 /clock/index.php/Home/User/index.html
INFO: [ app_init ] --START--
INFO: Run Behavior\BuildLiteBehavior [ RunTime:0.000015s ]
INFO: [ app_init ] --END-- [ RunTime:0.000242s ]
INFO: [ app_begin ] --START--
INFO: Run Behavior\ReadHtmlCacheBehavior [ RunTime:0.000280s ]
INFO: [ app_begin ] --END-- [ RunTime:0.000311s ]
NOTIC: [8] Use of undefined constant MANY_TO_MANY - assumed 'MANY_TO_MANY' /Applications/XAMPP/xamppfiles/htdocs/clock/ThinkPHP/Common/functions.php 第 588 行.
SQL: SHOW COLUMNS FROM `cl_user` [ RunTime:0.0098s ]
SQL: SELECT COUNT(*) AS tp_count FROM `cl_user` LIMIT 1   [ RunTime:0.0005s ]
SQL: SELECT `id`,`username`,`nickname`,`email`,`phone`,`login_count`,`register_time`,`last_login_time`,`last_login_ip`,`status`,`remark` FROM `cl_user` LIMIT 0,15   [ RunTime:0.0005s ]
SQL: SHOW COLUMNS FROM `cl_role` [ RunTime:0.0018s ]
NOTIC: [8] Undefined variable: relationData /Applications/XAMPP/xamppfiles/htdocs/clock/ThinkPHP/Library/Think/Model/RelationModel.class.php 第 227 行.
INFO: [ view_parse ] --START--
INFO: [ template_filter ] --START--
INFO: Run Behavior\ContentReplaceBehavior [ RunTime:0.000039s ]
INFO: [ template_filter ] --END-- [ RunTime:0.000071s ]
NOTIC: [8] Undefined variable: h /Applications/XAMPP/xamppfiles/htdocs/clock/Runtime/Cache/Home/64032f3cba072b42246c94805e3ede75.php 第 78 行.
NOTIC: [8] Undefined variable: breadcrumb /Applications/XAMPP/xamppfiles/htdocs/clock/Runtime/Cache/Home/64032f3cba072b42246c94805e3ede75.php 第 82 行.
INFO: Run Behavior\ParseTemplateBehavior [ RunTime:0.012724s ]
INFO: [ view_parse ] --END-- [ RunTime:0.012759s ]
INFO: [ view_filter ] --START--
INFO: Run Behavior\WriteHtmlCacheBehavior [ RunTime:0.000092s ]
INFO: [ view_filter ] --END-- [ RunTime:0.000110s ]
INFO: [ app_end ] --START--
INFO: Run Behavior\ShowPageTraceBehavior [ RunTime:0.000264s ]
INFO: [ app_end ] --END-- [ RunTime:0.000287s ]

[ 2016-04-06T00:22:44+08:00 ] ::1 /clock/index.php/Home/User/updateUser/0/id/1/0.html
INFO: [ app_init ] --START--
INFO: Run Behavior\BuildLiteBehavior [ RunTime:0.000012s ]
INFO: [ app_init ] --END-- [ RunTime:0.000271s ]
INFO: [ app_begin ] --START--
INFO: Run Behavior\ReadHtmlCacheBehavior [ RunTime:0.000346s ]
INFO: [ app_begin ] --END-- [ RunTime:0.000384s ]
SQL: SHOW COLUMNS FROM `cl_user` [ RunTime:0.0097s ]
ERR: SQLSTATE[42S02]: Base table or view not found: 1146 Table 'clock.cl_department' doesn't exist

[ 2016-04-06T00:26:13+08:00 ] ::1 /clock/index.php/Home/User/updateUser/0/id/1/0.html
INFO: [ app_init ] --START--
INFO: Run Behavior\BuildLiteBehavior [ RunTime:0.000007s ]
INFO: [ app_init ] --END-- [ RunTime:0.000176s ]
INFO: [ app_begin ] --START--
INFO: Run Behavior\ReadHtmlCacheBehavior [ RunTime:0.000222s ]
INFO: [ app_begin ] --END-- [ RunTime:0.000247s ]
SQL: SHOW COLUMNS FROM `cl_user` [ RunTime:0.0100s ]
INFO: [ app_end ] --START--
INFO: Run Behavior\ShowPageTraceBehavior [ RunTime:0.000685s ]
INFO: [ app_end ] --END-- [ RunTime:0.000747s ]

[ 2016-04-06T00:26:53+08:00 ] ::1 /clock/index.php/Home/User/updateUser/0/id/1/0.html
INFO: [ app_init ] --START--
INFO: Run Behavior\BuildLiteBehavior [ RunTime:0.000014s ]
INFO: [ app_init ] --END-- [ RunTime:0.000240s ]
INFO: [ app_begin ] --START--
INFO: Run Behavior\ReadHtmlCacheBehavior [ RunTime:0.000258s ]
INFO: [ app_begin ] --END-- [ RunTime:0.000290s ]
SQL: SHOW COLUMNS FROM `cl_user` [ RunTime:0.0091s ]
INFO: [ view_parse ] --START--
INFO: [ template_filter ] --START--
INFO: Run Behavior\ContentReplaceBehavior [ RunTime:0.000077s ]
INFO: [ template_filter ] --END-- [ RunTime:0.000144s ]
NOTIC: [8] Undefined variable: h /Applications/XAMPP/xamppfiles/htdocs/clock/Runtime/Cache/Home/74f7649865fbb36691c2c6bc94ebcf14.php 第 78 行.
NOTIC: [8] Undefined variable: breadcrumb /Applications/XAMPP/xamppfiles/htdocs/clock/Runtime/Cache/Home/74f7649865fbb36691c2c6bc94ebcf14.php 第 82 行.
NOTIC: [8] Use of undefined constant id - assumed 'id' /Applications/XAMPP/xamppfiles/htdocs/clock/Runtime/Cache/Home/74f7649865fbb36691c2c6bc94ebcf14.php 第 104 行.
NOTIC: [8] Undefined variable: list /Applications/XAMPP/xamppfiles/htdocs/clock/Runtime/Cache/Home/74f7649865fbb36691c2c6bc94ebcf14.php 第 104 行.
NOTIC: [8] Undefined variable: list /Applications/XAMPP/xamppfiles/htdocs/clock/Runtime/Cache/Home/74f7649865fbb36691c2c6bc94ebcf14.php 第 123 行.
NOTIC: [8] Use of undefined constant nickname - assumed 'nickname' /Applications/XAMPP/xamppfiles/htdocs/clock/Runtime/Cache/Home/74f7649865fbb36691c2c6bc94ebcf14.php 第 129 行.
NOTIC: [8] Undefined variable: list /Applications/XAMPP/xamppfiles/htdocs/clock/Runtime/Cache/Home/74f7649865fbb36691c2c6bc94ebcf14.php 第 129 行.
NOTIC: [8] Use of undefined constant phone - assumed 'phone' /Applications/XAMPP/xamppfiles/htdocs/clock/Runtime/Cache/Home/74f7649865fbb36691c2c6bc94ebcf14.php 第 135 行.
NOTIC: [8] Undefined variable: list /Applications/XAMPP/xamppfiles/htdocs/clock/Runtime/Cache/Home/74f7649865fbb36691c2c6bc94ebcf14.php 第 135 行.
NOTIC: [8] Use of undefined constant email - assumed 'email' /Applications/XAMPP/xamppfiles/htdocs/clock/Runtime/Cache/Home/74f7649865fbb36691c2c6bc94ebcf14.php 第 141 行.
NOTIC: [8] Undefined variable: list /Applications/XAMPP/xamppfiles/htdocs/clock/Runtime/Cache/Home/74f7649865fbb36691c2c6bc94ebcf14.php 第 141 行.
NOTIC: [8] Undefined variable: p_depart /Applications/XAMPP/xamppfiles/htdocs/clock/Runtime/Cache/Home/74f7649865fbb36691c2c6bc94ebcf14.php 第 148 行.
NOTIC: [8] Undefined variable: list /Applications/XAMPP/xamppfiles/htdocs/clock/Runtime/Cache/Home/74f7649865fbb36691c2c6bc94ebcf14.php 第 161 行.
NOTIC: [8] Undefined variable: list /Applications/XAMPP/xamppfiles/htdocs/clock/Runtime/Cache/Home/74f7649865fbb36691c2c6bc94ebcf14.php 第 165 行.
INFO: Run Behavior\ParseTemplateBehavior [ RunTime:0.017117s ]
INFO: [ view_parse ] --END-- [ RunTime:0.017284s ]
INFO: [ view_filter ] --START--
INFO: Run Behavior\WriteHtmlCacheBehavior [ RunTime:0.000168s ]
INFO: [ view_filter ] --END-- [ RunTime:0.000202s ]
INFO: [ app_end ] --START--
INFO: Run Behavior\ShowPageTraceBehavior [ RunTime:0.000485s ]
INFO: [ app_end ] --END-- [ RunTime:0.000525s ]

[ 2016-04-06T00:27:19+08:00 ] ::1 /clock/index.php/Home/User/updateUser/0/id/1/0.html
INFO: [ app_init ] --START--
INFO: Run Behavior\BuildLiteBehavior [ RunTime:0.000008s ]
INFO: [ app_init ] --END-- [ RunTime:0.000168s ]
INFO: [ app_begin ] --START--
INFO: Run Behavior\ReadHtmlCacheBehavior [ RunTime:0.000221s ]
INFO: [ app_begin ] --END-- [ RunTime:0.000245s ]
SQL: SHOW COLUMNS FROM `cl_user` [ RunTime:0.0099s ]
INFO: [ view_parse ] --START--
INFO: [ template_filter ] --START--
INFO: Run Behavior\ContentReplaceBehavior [ RunTime:0.000044s ]
INFO: [ template_filter ] --END-- [ RunTime:0.000097s ]
NOTIC: [8] Undefined variable: h /Applications/XAMPP/xamppfiles/htdocs/clock/Runtime/Cache/Home/74f7649865fbb36691c2c6bc94ebcf14.php 第 78 行.
NOTIC: [8] Undefined variable: breadcrumb /Applications/XAMPP/xamppfiles/htdocs/clock/Runtime/Cache/Home/74f7649865fbb36691c2c6bc94ebcf14.php 第 82 行.
NOTIC: [8] Use of undefined constant id - assumed 'id' /Applications/XAMPP/xamppfiles/htdocs/clock/Runtime/Cache/Home/74f7649865fbb36691c2c6bc94ebcf14.php 第 104 行.
NOTIC: [8] Undefined variable: list /Applications/XAMPP/xamppfiles/htdocs/clock/Runtime/Cache/Home/74f7649865fbb36691c2c6bc94ebcf14.php 第 104 行.
NOTIC: [8] Undefined variable: list /Applications/XAMPP/xamppfiles/htdocs/clock/Runtime/Cache/Home/74f7649865fbb36691c2c6bc94ebcf14.php 第 123 行.
NOTIC: [8] Use of undefined constant nickname - assumed 'nickname' /Applications/XAMPP/xamppfiles/htdocs/clock/Runtime/Cache/Home/74f7649865fbb36691c2c6bc94ebcf14.php 第 129 行.
NOTIC: [8] Undefined variable: list /Applications/XAMPP/xamppfiles/htdocs/clock/Runtime/Cache/Home/74f7649865fbb36691c2c6bc94ebcf14.php 第 129 行.
NOTIC: [8] Use of undefined constant phone - assumed 'phone' /Applications/XAMPP/xamppfiles/htdocs/clock/Runtime/Cache/Home/74f7649865fbb36691c2c6bc94ebcf14.php 第 135 行.
NOTIC: [8] Undefined variable: list /Applications/XAMPP/xamppfiles/htdocs/clock/Runtime/Cache/Home/74f7649865fbb36691c2c6bc94ebcf14.php 第 135 行.
NOTIC: [8] Use of undefined constant email - assumed 'email' /Applications/XAMPP/xamppfiles/htdocs/clock/Runtime/Cache/Home/74f7649865fbb36691c2c6bc94ebcf14.php 第 141 行.
NOTIC: [8] Undefined variable: list /Applications/XAMPP/xamppfiles/htdocs/clock/Runtime/Cache/Home/74f7649865fbb36691c2c6bc94ebcf14.php 第 141 行.
NOTIC: [8] Undefined variable: list /Applications/XAMPP/xamppfiles/htdocs/clock/Runtime/Cache/Home/74f7649865fbb36691c2c6bc94ebcf14.php 第 147 行.
NOTIC: [8] Undefined variable: list /Applications/XAMPP/xamppfiles/htdocs/clock/Runtime/Cache/Home/74f7649865fbb36691c2c6bc94ebcf14.php 第 151 行.
INFO: Run Behavior\ParseTemplateBehavior [ RunTime:0.010896s ]
INFO: [ view_parse ] --END-- [ RunTime:0.010940s ]
INFO: [ view_filter ] --START--
INFO: Run Behavior\WriteHtmlCacheBehavior [ RunTime:0.000130s ]
INFO: [ view_filter ] --END-- [ RunTime:0.000159s ]
INFO: [ app_end ] --START--
INFO: Run Behavior\ShowPageTraceBehavior [ RunTime:0.000366s ]
INFO: [ app_end ] --END-- [ RunTime:0.000401s ]

