[ 2016-03-22T23:55:15+08:00 ] ::1 /clock/admin
INFO: [ app_init ] --START--
INFO: Run Behavior\BuildLiteBehavior [ RunTime:0.000014s ]
INFO: [ app_init ] --END-- [ RunTime:0.000244s ]
INFO: [ app_begin ] --START--
INFO: Run Behavior\ReadHtmlCacheBehavior [ RunTime:0.000330s ]
INFO: [ app_begin ] --END-- [ RunTime:0.000368s ]
INFO: [ view_parse ] --START--
INFO: [ template_filter ] --START--
INFO: Run Behavior\ContentReplaceBehavior [ RunTime:0.000028s ]
INFO: [ template_filter ] --END-- [ RunTime:0.000060s ]
NOTIC: [8] Use of undefined constant childs - assumed 'childs' /Applications/XAMPP/xamppfiles/htdocs/clock/Runtime/Cache/Admin/9df924d9a2d217daa77a359c5bee0c33.php 第 20 行.
NOTIC: [8] Use of undefined constant childs - assumed 'childs' /Applications/XAMPP/xamppfiles/htdocs/clock/Runtime/Cache/Admin/9df924d9a2d217daa77a359c5bee0c33.php 第 22 行.
NOTIC: [8] Use of undefined constant childs - assumed 'childs' /Applications/XAMPP/xamppfiles/htdocs/clock/Runtime/Cache/Admin/9df924d9a2d217daa77a359c5bee0c33.php 第 22 行.
NOTIC: [8] Use of undefined constant childs - assumed 'childs' /Applications/XAMPP/xamppfiles/htdocs/clock/Runtime/Cache/Admin/9df924d9a2d217daa77a359c5bee0c33.php 第 20 行.
NOTIC: [8] Use of undefined constant childs - assumed 'childs' /Applications/XAMPP/xamppfiles/htdocs/clock/Runtime/Cache/Admin/9df924d9a2d217daa77a359c5bee0c33.php 第 22 行.
NOTIC: [8] Use of undefined constant childs - assumed 'childs' /Applications/XAMPP/xamppfiles/htdocs/clock/Runtime/Cache/Admin/9df924d9a2d217daa77a359c5bee0c33.php 第 22 行.
NOTIC: [8] Use of undefined constant childs - assumed 'childs' /Applications/XAMPP/xamppfiles/htdocs/clock/Runtime/Cache/Admin/9df924d9a2d217daa77a359c5bee0c33.php 第 20 行.
NOTIC: [8] Use of undefined constant childs - assumed 'childs' /Applications/XAMPP/xamppfiles/htdocs/clock/Runtime/Cache/Admin/9df924d9a2d217daa77a359c5bee0c33.php 第 22 行.
NOTIC: [8] Use of undefined constant childs - assumed 'childs' /Applications/XAMPP/xamppfiles/htdocs/clock/Runtime/Cache/Admin/9df924d9a2d217daa77a359c5bee0c33.php 第 22 行.
NOTIC: [8] Use of undefined constant childs - assumed 'childs' /Applications/XAMPP/xamppfiles/htdocs/clock/Runtime/Cache/Admin/9df924d9a2d217daa77a359c5bee0c33.php 第 20 行.
NOTIC: [8] Use of undefined constant childs - assumed 'childs' /Applications/XAMPP/xamppfiles/htdocs/clock/Runtime/Cache/Admin/9df924d9a2d217daa77a359c5bee0c33.php 第 22 行.
NOTIC: [8] Use of undefined constant childs - assumed 'childs' /Applications/XAMPP/xamppfiles/htdocs/clock/Runtime/Cache/Admin/9df924d9a2d217daa77a359c5bee0c33.php 第 22 行.
NOTIC: [8] Use of undefined constant childs - assumed 'childs' /Applications/XAMPP/xamppfiles/htdocs/clock/Runtime/Cache/Admin/9df924d9a2d217daa77a359c5bee0c33.php 第 20 行.
NOTIC: [8] Use of undefined constant childs - assumed 'childs' /Applications/XAMPP/xamppfiles/htdocs/clock/Runtime/Cache/Admin/9df924d9a2d217daa77a359c5bee0c33.php 第 22 行.
NOTIC: [8] Use of undefined constant childs - assumed 'childs' /Applications/XAMPP/xamppfiles/htdocs/clock/Runtime/Cache/Admin/9df924d9a2d217daa77a359c5bee0c33.php 第 22 行.
INFO: Run Behavior\ParseTemplateBehavior [ RunTime:0.005174s ]
INFO: [ view_parse ] --END-- [ RunTime:0.005215s ]
INFO: [ view_filter ] --START--
INFO: Run Behavior\WriteHtmlCacheBehavior [ RunTime:0.000086s ]
INFO: [ view_filter ] --END-- [ RunTime:0.000104s ]
INFO: [ app_end ] --START--
INFO: Run Behavior\ShowPageTraceBehavior [ RunTime:0.000273s ]
INFO: [ app_end ] --END-- [ RunTime:0.000299s ]

