[ 2016-04-10T22:02:47+08:00 ] ::1 /myblog/admin
INFO: [ app_init ] --START--
INFO: Run Behavior\BuildLiteBehavior [ RunTime:0.000026s ]
INFO: [ app_init ] --END-- [ RunTime:0.000493s ]
INFO: [ app_begin ] --START--
INFO: Run Behavior\ReadHtmlCacheBehavior [ RunTime:0.000478s ]
INFO: [ app_begin ] --END-- [ RunTime:0.000540s ]
INFO: [ view_parse ] --START--
INFO: [ template_filter ] --START--
INFO: Run Behavior\ContentReplaceBehavior [ RunTime:0.000060s ]
INFO: [ template_filter ] --END-- [ RunTime:0.000138s ]
NOTIC: [8] Use of undefined constant childs - assumed 'childs' /Applications/XAMPP/xamppfiles/htdocs/myblog/Runtime/Cache/Admin/9df924d9a2d217daa77a359c5bee0c33.php 第 20 行.
NOTIC: [8] Use of undefined constant childs - assumed 'childs' /Applications/XAMPP/xamppfiles/htdocs/myblog/Runtime/Cache/Admin/9df924d9a2d217daa77a359c5bee0c33.php 第 22 行.
NOTIC: [8] Use of undefined constant childs - assumed 'childs' /Applications/XAMPP/xamppfiles/htdocs/myblog/Runtime/Cache/Admin/9df924d9a2d217daa77a359c5bee0c33.php 第 22 行.
NOTIC: [8] Use of undefined constant childs - assumed 'childs' /Applications/XAMPP/xamppfiles/htdocs/myblog/Runtime/Cache/Admin/9df924d9a2d217daa77a359c5bee0c33.php 第 20 行.
NOTIC: [8] Use of undefined constant childs - assumed 'childs' /Applications/XAMPP/xamppfiles/htdocs/myblog/Runtime/Cache/Admin/9df924d9a2d217daa77a359c5bee0c33.php 第 22 行.
NOTIC: [8] Use of undefined constant childs - assumed 'childs' /Applications/XAMPP/xamppfiles/htdocs/myblog/Runtime/Cache/Admin/9df924d9a2d217daa77a359c5bee0c33.php 第 22 行.
NOTIC: [8] Use of undefined constant childs - assumed 'childs' /Applications/XAMPP/xamppfiles/htdocs/myblog/Runtime/Cache/Admin/9df924d9a2d217daa77a359c5bee0c33.php 第 20 行.
NOTIC: [8] Use of undefined constant childs - assumed 'childs' /Applications/XAMPP/xamppfiles/htdocs/myblog/Runtime/Cache/Admin/9df924d9a2d217daa77a359c5bee0c33.php 第 22 行.
NOTIC: [8] Use of undefined constant childs - assumed 'childs' /Applications/XAMPP/xamppfiles/htdocs/myblog/Runtime/Cache/Admin/9df924d9a2d217daa77a359c5bee0c33.php 第 22 行.
NOTIC: [8] Use of undefined constant childs - assumed 'childs' /Applications/XAMPP/xamppfiles/htdocs/myblog/Runtime/Cache/Admin/9df924d9a2d217daa77a359c5bee0c33.php 第 20 行.
NOTIC: [8] Use of undefined constant childs - assumed 'childs' /Applications/XAMPP/xamppfiles/htdocs/myblog/Runtime/Cache/Admin/9df924d9a2d217daa77a359c5bee0c33.php 第 22 行.
NOTIC: [8] Use of undefined constant childs - assumed 'childs' /Applications/XAMPP/xamppfiles/htdocs/myblog/Runtime/Cache/Admin/9df924d9a2d217daa77a359c5bee0c33.php 第 22 行.
NOTIC: [8] Use of undefined constant childs - assumed 'childs' /Applications/XAMPP/xamppfiles/htdocs/myblog/Runtime/Cache/Admin/9df924d9a2d217daa77a359c5bee0c33.php 第 20 行.
NOTIC: [8] Use of undefined constant childs - assumed 'childs' /Applications/XAMPP/xamppfiles/htdocs/myblog/Runtime/Cache/Admin/9df924d9a2d217daa77a359c5bee0c33.php 第 22 行.
NOTIC: [8] Use of undefined constant childs - assumed 'childs' /Applications/XAMPP/xamppfiles/htdocs/myblog/Runtime/Cache/Admin/9df924d9a2d217daa77a359c5bee0c33.php 第 22 行.
INFO: Run Behavior\ParseTemplateBehavior [ RunTime:0.015457s ]
INFO: [ view_parse ] --END-- [ RunTime:0.015538s ]
INFO: [ view_filter ] --START--
INFO: Run Behavior\WriteHtmlCacheBehavior [ RunTime:0.000211s ]
INFO: [ view_filter ] --END-- [ RunTime:0.000257s ]
INFO: [ app_end ] --START--
INFO: Run Behavior\ShowPageTraceBehavior [ RunTime:0.000631s ]
INFO: [ app_end ] --END-- [ RunTime:0.000692s ]

[ 2016-04-10T22:06:11+08:00 ] ::1 /myblog/index.php/admin
INFO: [ app_init ] --START--
INFO: Run Behavior\BuildLiteBehavior [ RunTime:0.000014s ]
INFO: [ app_init ] --END-- [ RunTime:0.000244s ]
INFO: [ app_begin ] --START--
INFO: Run Behavior\ReadHtmlCacheBehavior [ RunTime:0.000411s ]
INFO: [ app_begin ] --END-- [ RunTime:0.000460s ]
ERR: 无法加载控制器:Index

[ 2016-04-10T22:07:32+08:00 ] ::1 /myblog/index.php/admin
INFO: [ app_init ] --START--
INFO: Run Behavior\BuildLiteBehavior [ RunTime:0.000013s ]
INFO: [ app_init ] --END-- [ RunTime:0.000246s ]
INFO: [ app_begin ] --START--
INFO: Run Behavior\ReadHtmlCacheBehavior [ RunTime:0.000276s ]
INFO: [ app_begin ] --END-- [ RunTime:0.000307s ]
INFO: [ view_parse ] --START--
INFO: [ template_filter ] --START--
INFO: Run Behavior\ContentReplaceBehavior [ RunTime:0.000048s ]
INFO: [ template_filter ] --END-- [ RunTime:0.000106s ]
INFO: Run Behavior\ParseTemplateBehavior [ RunTime:0.014030s ]
INFO: [ view_parse ] --END-- [ RunTime:0.014097s ]
INFO: [ view_filter ] --START--
INFO: Run Behavior\WriteHtmlCacheBehavior [ RunTime:0.000224s ]
INFO: [ view_filter ] --END-- [ RunTime:0.000280s ]
INFO: [ app_end ] --START--
INFO: Run Behavior\ShowPageTraceBehavior [ RunTime:0.000643s ]
INFO: [ app_end ] --END-- [ RunTime:0.000706s ]

[ 2016-04-10T22:07:35+08:00 ] ::1 /myblog/index.php/Admin/Node/index.html
INFO: [ app_init ] --START--
INFO: Run Behavior\BuildLiteBehavior [ RunTime:0.000021s ]
INFO: [ app_init ] --END-- [ RunTime:0.000388s ]
INFO: [ app_begin ] --START--
INFO: Run Behavior\ReadHtmlCacheBehavior [ RunTime:0.000287s ]
INFO: [ app_begin ] --END-- [ RunTime:0.000319s ]
SQL: SHOW COLUMNS FROM `cl_node` [ RunTime:0.0100s ]
SQL: SELECT `id`,`name`,`title`,`pid` FROM `cl_node` ORDER BY sort  [ RunTime:0.0014s ]
INFO: [ view_parse ] --START--
INFO: [ template_filter ] --START--
INFO: Run Behavior\ContentReplaceBehavior [ RunTime:0.000031s ]
INFO: [ template_filter ] --END-- [ RunTime:0.000065s ]
NOTIC: [8] Undefined variable: h /Applications/XAMPP/xamppfiles/htdocs/myblog/Runtime/Cache/Admin/f5d9020a722c182cb3cb2a19ed19b4d3.php 第 78 行.
NOTIC: [8] Undefined variable: breadcrumb /Applications/XAMPP/xamppfiles/htdocs/myblog/Runtime/Cache/Admin/f5d9020a722c182cb3cb2a19ed19b4d3.php 第 82 行.
NOTIC: [8] Use of undefined constant id - assumed 'id' /Applications/XAMPP/xamppfiles/htdocs/myblog/Runtime/Cache/Admin/f5d9020a722c182cb3cb2a19ed19b4d3.php 第 101 行.
INFO: Run Behavior\ParseTemplateBehavior [ RunTime:0.011346s ]
INFO: [ view_parse ] --END-- [ RunTime:0.011385s ]
INFO: [ view_filter ] --START--
INFO: Run Behavior\WriteHtmlCacheBehavior [ RunTime:0.000094s ]
INFO: [ view_filter ] --END-- [ RunTime:0.000113s ]
INFO: [ app_end ] --START--
INFO: Run Behavior\ShowPageTraceBehavior [ RunTime:0.000402s ]
INFO: [ app_end ] --END-- [ RunTime:0.000439s ]

[ 2016-04-10T22:07:38+08:00 ] ::1 /myblog/index.php/Admin/Role/addRole.html
INFO: [ app_init ] --START--
INFO: Run Behavior\BuildLiteBehavior [ RunTime:0.000011s ]
INFO: [ app_init ] --END-- [ RunTime:0.000264s ]
INFO: [ app_begin ] --START--
INFO: Run Behavior\ReadHtmlCacheBehavior [ RunTime:0.000368s ]
INFO: [ app_begin ] --END-- [ RunTime:0.000408s ]
INFO: [ view_parse ] --START--
INFO: [ template_filter ] --START--
INFO: Run Behavior\ContentReplaceBehavior [ RunTime:0.000023s ]
INFO: [ template_filter ] --END-- [ RunTime:0.000049s ]
NOTIC: [8] Undefined variable: h /Applications/XAMPP/xamppfiles/htdocs/myblog/Runtime/Cache/Admin/f2edc7aa27608bb82db18f625a35ced1.php 第 78 行.
NOTIC: [8] Undefined variable: breadcrumb /Applications/XAMPP/xamppfiles/htdocs/myblog/Runtime/Cache/Admin/f2edc7aa27608bb82db18f625a35ced1.php 第 82 行.
INFO: Run Behavior\ParseTemplateBehavior [ RunTime:0.013232s ]
INFO: [ view_parse ] --END-- [ RunTime:0.013290s ]
INFO: [ view_filter ] --START--
INFO: Run Behavior\WriteHtmlCacheBehavior [ RunTime:0.000210s ]
INFO: [ view_filter ] --END-- [ RunTime:0.000257s ]
INFO: [ app_end ] --START--
INFO: Run Behavior\ShowPageTraceBehavior [ RunTime:0.000577s ]
INFO: [ app_end ] --END-- [ RunTime:0.000629s ]

[ 2016-04-10T22:13:31+08:00 ] ::1 /myblog/index.php/Admin/Index/index.html
INFO: [ app_init ] --START--
INFO: Run Behavior\BuildLiteBehavior [ RunTime:0.000007s ]
INFO: [ app_init ] --END-- [ RunTime:0.000172s ]
INFO: [ app_begin ] --START--
INFO: Run Behavior\ReadHtmlCacheBehavior [ RunTime:0.000260s ]
INFO: [ app_begin ] --END-- [ RunTime:0.000286s ]
INFO: [ view_parse ] --START--
INFO: [ template_filter ] --START--
INFO: Run Behavior\ContentReplaceBehavior [ RunTime:0.000023s ]
INFO: [ template_filter ] --END-- [ RunTime:0.000048s ]
INFO: Run Behavior\ParseTemplateBehavior [ RunTime:0.014129s ]
INFO: [ view_parse ] --END-- [ RunTime:0.014192s ]
INFO: [ view_filter ] --START--
INFO: Run Behavior\WriteHtmlCacheBehavior [ RunTime:0.000228s ]
INFO: [ view_filter ] --END-- [ RunTime:0.000276s ]
INFO: [ app_end ] --START--
INFO: Run Behavior\ShowPageTraceBehavior [ RunTime:0.000588s ]
INFO: [ app_end ] --END-- [ RunTime:0.000643s ]

[ 2016-04-10T22:14:58+08:00 ] ::1 /myblog/index.php/Admin/Node/index.html
INFO: [ app_init ] --START--
INFO: Run Behavior\BuildLiteBehavior [ RunTime:0.000018s ]
INFO: [ app_init ] --END-- [ RunTime:0.000184s ]
INFO: [ app_begin ] --START--
INFO: Run Behavior\ReadHtmlCacheBehavior [ RunTime:0.000337s ]
INFO: [ app_begin ] --END-- [ RunTime:0.000367s ]
SQL: SHOW COLUMNS FROM `cl_node` [ RunTime:0.0101s ]
SQL: SELECT `id`,`name`,`title`,`pid` FROM `cl_node` ORDER BY sort  [ RunTime:0.0020s ]
INFO: [ view_parse ] --START--
INFO: [ template_filter ] --START--
INFO: Run Behavior\ContentReplaceBehavior [ RunTime:0.000049s ]
INFO: [ template_filter ] --END-- [ RunTime:0.000108s ]
NOTIC: [8] Undefined variable: h /Applications/XAMPP/xamppfiles/htdocs/myblog/Runtime/Cache/Admin/f5d9020a722c182cb3cb2a19ed19b4d3.php 第 78 行.
NOTIC: [8] Undefined variable: breadcrumb /Applications/XAMPP/xamppfiles/htdocs/myblog/Runtime/Cache/Admin/f5d9020a722c182cb3cb2a19ed19b4d3.php 第 82 行.
NOTIC: [8] Use of undefined constant id - assumed 'id' /Applications/XAMPP/xamppfiles/htdocs/myblog/Runtime/Cache/Admin/f5d9020a722c182cb3cb2a19ed19b4d3.php 第 101 行.
INFO: Run Behavior\ParseTemplateBehavior [ RunTime:0.020337s ]
INFO: [ view_parse ] --END-- [ RunTime:0.020389s ]
INFO: [ view_filter ] --START--
INFO: Run Behavior\WriteHtmlCacheBehavior [ RunTime:0.000087s ]
INFO: [ view_filter ] --END-- [ RunTime:0.000107s ]
INFO: [ app_end ] --START--
INFO: Run Behavior\ShowPageTraceBehavior [ RunTime:0.000296s ]
INFO: [ app_end ] --END-- [ RunTime:0.000320s ]

[ 2016-04-10T22:18:39+08:00 ] ::1 /myblog/index.php/Admin/Node/index.html
INFO: [ app_init ] --START--
INFO: Run Behavior\BuildLiteBehavior [ RunTime:0.000013s ]
INFO: [ app_init ] --END-- [ RunTime:0.000247s ]
INFO: [ app_begin ] --START--
INFO: Run Behavior\ReadHtmlCacheBehavior [ RunTime:0.000269s ]
INFO: [ app_begin ] --END-- [ RunTime:0.000300s ]
SQL: SHOW COLUMNS FROM `cl_node` [ RunTime:0.0104s ]
SQL: SELECT `id`,`name`,`title`,`pid` FROM `cl_node` ORDER BY sort  [ RunTime:0.0014s ]
INFO: [ view_parse ] --START--
INFO: [ template_filter ] --START--
INFO: Run Behavior\ContentReplaceBehavior [ RunTime:0.000037s ]
INFO: [ template_filter ] --END-- [ RunTime:0.000069s ]
NOTIC: [8] Undefined variable: h /Applications/XAMPP/xamppfiles/htdocs/myblog/Runtime/Cache/Admin/f5d9020a722c182cb3cb2a19ed19b4d3.php 第 92 行.
NOTIC: [8] Undefined variable: breadcrumb /Applications/XAMPP/xamppfiles/htdocs/myblog/Runtime/Cache/Admin/f5d9020a722c182cb3cb2a19ed19b4d3.php 第 96 行.
NOTIC: [8] Use of undefined constant id - assumed 'id' /Applications/XAMPP/xamppfiles/htdocs/myblog/Runtime/Cache/Admin/f5d9020a722c182cb3cb2a19ed19b4d3.php 第 115 行.
INFO: Run Behavior\ParseTemplateBehavior [ RunTime:0.015758s ]
INFO: [ view_parse ] --END-- [ RunTime:0.015802s ]
INFO: [ view_filter ] --START--
INFO: Run Behavior\WriteHtmlCacheBehavior [ RunTime:0.000100s ]
INFO: [ view_filter ] --END-- [ RunTime:0.000120s ]
INFO: [ app_end ] --START--
INFO: Run Behavior\ShowPageTraceBehavior [ RunTime:0.000318s ]
INFO: [ app_end ] --END-- [ RunTime:0.000351s ]

[ 2016-04-10T22:19:56+08:00 ] ::1 /myblog/index.php/Admin/Node/index.html
INFO: [ app_init ] --START--
INFO: Run Behavior\BuildLiteBehavior [ RunTime:0.000014s ]
INFO: [ app_init ] --END-- [ RunTime:0.000286s ]
INFO: [ app_begin ] --START--
INFO: Run Behavior\ReadHtmlCacheBehavior [ RunTime:0.000427s ]
INFO: [ app_begin ] --END-- [ RunTime:0.000464s ]
SQL: SHOW COLUMNS FROM `cl_node` [ RunTime:0.0097s ]
SQL: SELECT `id`,`name`,`title`,`pid` FROM `cl_node` ORDER BY sort  [ RunTime:0.0015s ]
INFO: [ view_parse ] --START--
INFO: [ template_filter ] --START--
INFO: Run Behavior\ContentReplaceBehavior [ RunTime:0.000069s ]
INFO: [ template_filter ] --END-- [ RunTime:0.000137s ]
NOTIC: [8] Undefined variable: h /Applications/XAMPP/xamppfiles/htdocs/myblog/Runtime/Cache/Admin/f5d9020a722c182cb3cb2a19ed19b4d3.php 第 92 行.
NOTIC: [8] Undefined variable: breadcrumb /Applications/XAMPP/xamppfiles/htdocs/myblog/Runtime/Cache/Admin/f5d9020a722c182cb3cb2a19ed19b4d3.php 第 96 行.
NOTIC: [8] Use of undefined constant id - assumed 'id' /Applications/XAMPP/xamppfiles/htdocs/myblog/Runtime/Cache/Admin/f5d9020a722c182cb3cb2a19ed19b4d3.php 第 115 行.
INFO: Run Behavior\ParseTemplateBehavior [ RunTime:0.018197s ]
INFO: [ view_parse ] --END-- [ RunTime:0.018242s ]
INFO: [ view_filter ] --START--
INFO: Run Behavior\WriteHtmlCacheBehavior [ RunTime:0.000141s ]
INFO: [ view_filter ] --END-- [ RunTime:0.000171s ]
INFO: [ app_end ] --START--
INFO: Run Behavior\ShowPageTraceBehavior [ RunTime:0.000402s ]
INFO: [ app_end ] --END-- [ RunTime:0.000433s ]

[ 2016-04-10T22:19:58+08:00 ] ::1 /myblog/index.php/Admin/Category/index.html
INFO: [ app_init ] --START--
INFO: Run Behavior\BuildLiteBehavior [ RunTime:0.000013s ]
INFO: [ app_init ] --END-- [ RunTime:0.000411s ]
INFO: [ app_begin ] --START--
INFO: Run Behavior\ReadHtmlCacheBehavior [ RunTime:0.000408s ]
INFO: [ app_begin ] --END-- [ RunTime:0.000455s ]
SQL: SELECT `id`,`name`,`pid`,`remark` FROM `cl_category` WHERE 1=1 [ RunTime:0.0116s ]
INFO: [ view_parse ] --START--
INFO: [ template_filter ] --START--
INFO: Run Behavior\ContentReplaceBehavior [ RunTime:0.000053s ]
INFO: [ template_filter ] --END-- [ RunTime:0.000120s ]
INFO: Run Behavior\ParseTemplateBehavior [ RunTime:0.010620s ]
INFO: [ view_parse ] --END-- [ RunTime:0.010690s ]
INFO: [ view_filter ] --START--
INFO: Run Behavior\WriteHtmlCacheBehavior [ RunTime:0.000205s ]
INFO: [ view_filter ] --END-- [ RunTime:0.000252s ]
INFO: [ app_end ] --START--
INFO: Run Behavior\ShowPageTraceBehavior [ RunTime:0.000608s ]
INFO: [ app_end ] --END-- [ RunTime:0.000669s ]

[ 2016-04-10T22:23:42+08:00 ] ::1 /myblog/index.php/Admin/Category/index.html
INFO: [ app_init ] --START--
INFO: Run Behavior\BuildLiteBehavior [ RunTime:0.000009s ]
INFO: [ app_init ] --END-- [ RunTime:0.000218s ]
INFO: [ app_begin ] --START--
INFO: Run Behavior\ReadHtmlCacheBehavior [ RunTime:0.000237s ]
INFO: [ app_begin ] --END-- [ RunTime:0.000262s ]
SQL: SELECT `id`,`name`,`pid`,`remark` FROM `cl_category` WHERE 1=1 [ RunTime:0.0003s ]
INFO: [ view_parse ] --START--
INFO: [ template_filter ] --START--
INFO: Run Behavior\ContentReplaceBehavior [ RunTime:0.000028s ]
INFO: [ template_filter ] --END-- [ RunTime:0.000055s ]
NOTIC: [8] Undefined variable: h /Applications/XAMPP/xamppfiles/htdocs/myblog/Runtime/Cache/Admin/fd4baca4519ae09b87f761f8e37c27b2.php 第 92 行.
NOTIC: [8] Undefined variable: breadcrumb /Applications/XAMPP/xamppfiles/htdocs/myblog/Runtime/Cache/Admin/fd4baca4519ae09b87f761f8e37c27b2.php 第 96 行.
INFO: Run Behavior\ParseTemplateBehavior [ RunTime:0.014547s ]
INFO: [ view_parse ] --END-- [ RunTime:0.014597s ]
INFO: [ view_filter ] --START--
INFO: Run Behavior\WriteHtmlCacheBehavior [ RunTime:0.000231s ]
INFO: [ view_filter ] --END-- [ RunTime:0.000279s ]
INFO: [ app_end ] --START--
INFO: Run Behavior\ShowPageTraceBehavior [ RunTime:0.000973s ]
INFO: [ app_end ] --END-- [ RunTime:0.001051s ]

[ 2016-04-10T22:25:21+08:00 ] ::1 /myblog/index.php/Admin/Category/addCategory.html
INFO: [ app_init ] --START--
INFO: Run Behavior\BuildLiteBehavior [ RunTime:0.000018s ]
INFO: [ app_init ] --END-- [ RunTime:0.000407s ]
INFO: [ app_begin ] --START--
INFO: Run Behavior\ReadHtmlCacheBehavior [ RunTime:0.000530s ]
INFO: [ app_begin ] --END-- [ RunTime:0.000590s ]
NOTIC: [8] Undefined index: name /Applications/XAMPP/xamppfiles/htdocs/myblog/App/Admin/Controller/CategoryController.class.php 第 48 行.
SQL: SELECT * FROM `cl_category` [ RunTime:0.0004s ]
NOTIC: [8] Undefined index: pid /Applications/XAMPP/xamppfiles/htdocs/myblog/App/Admin/Controller/CategoryController.class.php 第 70 行.
INFO: [ view_parse ] --START--
INFO: [ template_filter ] --START--
INFO: Run Behavior\ContentReplaceBehavior [ RunTime:0.000025s ]
INFO: [ template_filter ] --END-- [ RunTime:0.000051s ]
NOTIC: [8] Undefined variable: h /Applications/XAMPP/xamppfiles/htdocs/myblog/Runtime/Cache/Admin/5cce9f47e1095219a9874693e7485ddd.php 第 92 行.
NOTIC: [8] Undefined variable: breadcrumb /Applications/XAMPP/xamppfiles/htdocs/myblog/Runtime/Cache/Admin/5cce9f47e1095219a9874693e7485ddd.php 第 96 行.
NOTIC: [8] Use of undefined constant pid - assumed 'pid' /Applications/XAMPP/xamppfiles/htdocs/myblog/Runtime/Cache/Admin/5cce9f47e1095219a9874693e7485ddd.php 第 106 行.
INFO: Run Behavior\ParseTemplateBehavior [ RunTime:0.007027s ]
INFO: [ view_parse ] --END-- [ RunTime:0.007057s ]
INFO: [ view_filter ] --START--
INFO: Run Behavior\WriteHtmlCacheBehavior [ RunTime:0.000087s ]
INFO: [ view_filter ] --END-- [ RunTime:0.000106s ]
INFO: [ app_end ] --START--
INFO: Run Behavior\ShowPageTraceBehavior [ RunTime:0.000241s ]
INFO: [ app_end ] --END-- [ RunTime:0.000263s ]

[ 2016-04-10T22:28:30+08:00 ] ::1 /myblog/index.php/Admin/Content/index.html
INFO: [ app_init ] --START--
INFO: Run Behavior\BuildLiteBehavior [ RunTime:0.000024s ]
INFO: [ app_init ] --END-- [ RunTime:0.000445s ]
INFO: [ app_begin ] --START--
INFO: Run Behavior\ReadHtmlCacheBehavior [ RunTime:0.000533s ]
INFO: [ app_begin ] --END-- [ RunTime:0.000591s ]
SQL: SHOW COLUMNS FROM `cl_content` [ RunTime:0.0113s ]
SQL: SELECT * FROM `cl_content`  [ RunTime:0.0009s ]
INFO: [ view_parse ] --START--
INFO: [ template_filter ] --START--
INFO: Run Behavior\ContentReplaceBehavior [ RunTime:0.000045s ]
INFO: [ template_filter ] --END-- [ RunTime:0.000089s ]
NOTIC: [8] Undefined variable: h /Applications/XAMPP/xamppfiles/htdocs/myblog/Runtime/Cache/Admin/6e3791952b5e133e055abbbf30a98617.php 第 92 行.
NOTIC: [8] Undefined variable: breadcrumb /Applications/XAMPP/xamppfiles/htdocs/myblog/Runtime/Cache/Admin/6e3791952b5e133e055abbbf30a98617.php 第 96 行.
NOTIC: [8] Undefined variable: captionTitle /Applications/XAMPP/xamppfiles/htdocs/myblog/Runtime/Cache/Admin/6e3791952b5e133e055abbbf30a98617.php 第 102 行.
INFO: Run Behavior\ParseTemplateBehavior [ RunTime:0.012208s ]
INFO: [ view_parse ] --END-- [ RunTime:0.012259s ]
INFO: [ view_filter ] --START--
INFO: Run Behavior\WriteHtmlCacheBehavior [ RunTime:0.000141s ]
INFO: [ view_filter ] --END-- [ RunTime:0.000170s ]
INFO: [ app_end ] --START--
INFO: Run Behavior\ShowPageTraceBehavior [ RunTime:0.000323s ]
INFO: [ app_end ] --END-- [ RunTime:0.000349s ]

[ 2016-04-10T22:28:35+08:00 ] ::1 /myblog/index.php/Admin/Content/addContent.html
INFO: [ app_init ] --START--
INFO: Run Behavior\BuildLiteBehavior [ RunTime:0.000008s ]
INFO: [ app_init ] --END-- [ RunTime:0.000165s ]
INFO: [ app_begin ] --START--
INFO: Run Behavior\ReadHtmlCacheBehavior [ RunTime:0.000221s ]
INFO: [ app_begin ] --END-- [ RunTime:0.000245s ]
SQL: SHOW COLUMNS FROM `cl_category` [ RunTime:0.0097s ]
SQL: SELECT `id`,`name`,`remark` FROM `cl_category`  [ RunTime:0.0005s ]
INFO: [ view_parse ] --START--
INFO: [ template_filter ] --START--
INFO: Run Behavior\ContentReplaceBehavior [ RunTime:0.000042s ]
INFO: [ template_filter ] --END-- [ RunTime:0.000092s ]
NOTIC: [8] Undefined variable: h /Applications/XAMPP/xamppfiles/htdocs/myblog/Runtime/Cache/Admin/5a2d0f61786038b804981a1e11c1a793.php 第 92 行.
NOTIC: [8] Undefined variable: breadcrumb /Applications/XAMPP/xamppfiles/htdocs/myblog/Runtime/Cache/Admin/5a2d0f61786038b804981a1e11c1a793.php 第 96 行.
NOTIC: [8] Undefined variable: list /Applications/XAMPP/xamppfiles/htdocs/myblog/Runtime/Cache/Admin/5a2d0f61786038b804981a1e11c1a793.php 第 106 行.
INFO: Run Behavior\ParseTemplateBehavior [ RunTime:0.010585s ]
INFO: [ view_parse ] --END-- [ RunTime:0.010650s ]
INFO: [ view_filter ] --START--
INFO: Run Behavior\WriteHtmlCacheBehavior [ RunTime:0.000147s ]
INFO: [ view_filter ] --END-- [ RunTime:0.000181s ]
INFO: [ app_end ] --START--
INFO: Run Behavior\ShowPageTraceBehavior [ RunTime:0.000470s ]
INFO: [ app_end ] --END-- [ RunTime:0.000517s ]

[ 2016-04-10T22:28:49+08:00 ] ::1 /myblog/index.php/Admin/Content/addContent.html
INFO: [ app_init ] --START--
INFO: Run Behavior\BuildLiteBehavior [ RunTime:0.000013s ]
INFO: [ app_init ] --END-- [ RunTime:0.000250s ]
INFO: [ app_begin ] --START--
INFO: Run Behavior\ReadHtmlCacheBehavior [ RunTime:0.000282s ]
INFO: [ app_begin ] --END-- [ RunTime:0.000313s ]
SQL: SHOW COLUMNS FROM `cl_category` [ RunTime:0.0097s ]
SQL: SELECT `id`,`name`,`remark` FROM `cl_category`  [ RunTime:0.0004s ]
INFO: [ view_parse ] --START--
INFO: [ template_filter ] --START--
INFO: Run Behavior\ContentReplaceBehavior [ RunTime:0.000043s ]
INFO: [ template_filter ] --END-- [ RunTime:0.000095s ]
NOTIC: [8] Undefined variable: h /Applications/XAMPP/xamppfiles/htdocs/myblog/Runtime/Cache/Admin/5a2d0f61786038b804981a1e11c1a793.php 第 92 行.
NOTIC: [8] Undefined variable: breadcrumb /Applications/XAMPP/xamppfiles/htdocs/myblog/Runtime/Cache/Admin/5a2d0f61786038b804981a1e11c1a793.php 第 96 行.
NOTIC: [8] Undefined variable: list /Applications/XAMPP/xamppfiles/htdocs/myblog/Runtime/Cache/Admin/5a2d0f61786038b804981a1e11c1a793.php 第 106 行.
INFO: Run Behavior\ParseTemplateBehavior [ RunTime:0.009145s ]
INFO: [ view_parse ] --END-- [ RunTime:0.009182s ]
INFO: [ view_filter ] --START--
INFO: Run Behavior\WriteHtmlCacheBehavior [ RunTime:0.000090s ]
INFO: [ view_filter ] --END-- [ RunTime:0.000109s ]
INFO: [ app_end ] --START--
INFO: Run Behavior\ShowPageTraceBehavior [ RunTime:0.000308s ]
INFO: [ app_end ] --END-- [ RunTime:0.000330s ]

[ 2016-04-10T22:29:57+08:00 ] ::1 /myblog/index.php/Admin/Content/addContent.html
INFO: [ app_init ] --START--
INFO: Run Behavior\BuildLiteBehavior [ RunTime:0.000008s ]
INFO: [ app_init ] --END-- [ RunTime:0.000177s ]
INFO: [ app_begin ] --START--
INFO: Run Behavior\ReadHtmlCacheBehavior [ RunTime:0.000227s ]
INFO: [ app_begin ] --END-- [ RunTime:0.000252s ]
SQL: SHOW COLUMNS FROM `cl_category` [ RunTime:0.0097s ]
SQL: SELECT `id`,`name`,`remark` FROM `cl_category`  [ RunTime:0.0005s ]
INFO: [ view_parse ] --START--
INFO: [ template_filter ] --START--
INFO: Run Behavior\ContentReplaceBehavior [ RunTime:0.000043s ]
INFO: [ template_filter ] --END-- [ RunTime:0.000095s ]
NOTIC: [8] Undefined variable: h /Applications/XAMPP/xamppfiles/htdocs/myblog/Runtime/Cache/Admin/5a2d0f61786038b804981a1e11c1a793.php 第 92 行.
NOTIC: [8] Undefined variable: breadcrumb /Applications/XAMPP/xamppfiles/htdocs/myblog/Runtime/Cache/Admin/5a2d0f61786038b804981a1e11c1a793.php 第 96 行.
NOTIC: [8] Undefined variable: list /Applications/XAMPP/xamppfiles/htdocs/myblog/Runtime/Cache/Admin/5a2d0f61786038b804981a1e11c1a793.php 第 106 行.
INFO: Run Behavior\ParseTemplateBehavior [ RunTime:0.010198s ]
INFO: [ view_parse ] --END-- [ RunTime:0.010252s ]
INFO: [ view_filter ] --START--
INFO: Run Behavior\WriteHtmlCacheBehavior [ RunTime:0.000137s ]
INFO: [ view_filter ] --END-- [ RunTime:0.000168s ]
INFO: [ app_end ] --START--
INFO: Run Behavior\ShowPageTraceBehavior [ RunTime:0.000412s ]
INFO: [ app_end ] --END-- [ RunTime:0.000450s ]

[ 2016-04-10T22:32:04+08:00 ] ::1 /myblog/index.php/Admin/Content/addContent.html
INFO: [ app_init ] --START--
INFO: Run Behavior\BuildLiteBehavior [ RunTime:0.000007s ]
INFO: [ app_init ] --END-- [ RunTime:0.000191s ]
INFO: [ app_begin ] --START--
INFO: Run Behavior\ReadHtmlCacheBehavior [ RunTime:0.000253s ]
INFO: [ app_begin ] --END-- [ RunTime:0.000280s ]
SQL: SHOW COLUMNS FROM `cl_category` [ RunTime:0.0093s ]
SQL: SELECT `id`,`name`,`remark` FROM `cl_category`  [ RunTime:0.0004s ]
INFO: [ view_parse ] --START--
INFO: [ template_filter ] --START--
INFO: Run Behavior\ContentReplaceBehavior [ RunTime:0.000027s ]
INFO: [ template_filter ] --END-- [ RunTime:0.000056s ]
NOTIC: [8] Undefined variable: h /Applications/XAMPP/xamppfiles/htdocs/myblog/Runtime/Cache/Admin/5a2d0f61786038b804981a1e11c1a793.php 第 92 行.
NOTIC: [8] Undefined variable: breadcrumb /Applications/XAMPP/xamppfiles/htdocs/myblog/Runtime/Cache/Admin/5a2d0f61786038b804981a1e11c1a793.php 第 96 行.
NOTIC: [8] Undefined variable: list /Applications/XAMPP/xamppfiles/htdocs/myblog/Runtime/Cache/Admin/5a2d0f61786038b804981a1e11c1a793.php 第 106 行.
INFO: Run Behavior\ParseTemplateBehavior [ RunTime:0.006751s ]
INFO: [ view_parse ] --END-- [ RunTime:0.006784s ]
INFO: [ view_filter ] --START--
INFO: Run Behavior\WriteHtmlCacheBehavior [ RunTime:0.000084s ]
INFO: [ view_filter ] --END-- [ RunTime:0.000103s ]
INFO: [ app_end ] --START--
INFO: Run Behavior\ShowPageTraceBehavior [ RunTime:0.000238s ]
INFO: [ app_end ] --END-- [ RunTime:0.000260s ]

[ 2016-04-10T22:32:51+08:00 ] ::1 /myblog/index.php/Admin/Content/addContent.html
INFO: [ app_init ] --START--
INFO: Run Behavior\BuildLiteBehavior [ RunTime:0.000012s ]
INFO: [ app_init ] --END-- [ RunTime:0.000275s ]
INFO: [ app_begin ] --START--
INFO: Run Behavior\ReadHtmlCacheBehavior [ RunTime:0.000349s ]
INFO: [ app_begin ] --END-- [ RunTime:0.000388s ]
SQL: SHOW COLUMNS FROM `cl_category` [ RunTime:0.0091s ]
SQL: SELECT `id`,`name`,`remark` FROM `cl_category`  [ RunTime:0.0003s ]
INFO: [ view_parse ] --START--
INFO: [ template_filter ] --START--
INFO: Run Behavior\ContentReplaceBehavior [ RunTime:0.000029s ]
INFO: [ template_filter ] --END-- [ RunTime:0.000069s ]
NOTIC: [8] Undefined variable: h /Applications/XAMPP/xamppfiles/htdocs/myblog/Runtime/Cache/Admin/5a2d0f61786038b804981a1e11c1a793.php 第 92 行.
NOTIC: [8] Undefined variable: breadcrumb /Applications/XAMPP/xamppfiles/htdocs/myblog/Runtime/Cache/Admin/5a2d0f61786038b804981a1e11c1a793.php 第 96 行.
NOTIC: [8] Undefined variable: list /Applications/XAMPP/xamppfiles/htdocs/myblog/Runtime/Cache/Admin/5a2d0f61786038b804981a1e11c1a793.php 第 106 行.
INFO: Run Behavior\ParseTemplateBehavior [ RunTime:0.006424s ]
INFO: [ view_parse ] --END-- [ RunTime:0.006455s ]
INFO: [ view_filter ] --START--
INFO: Run Behavior\WriteHtmlCacheBehavior [ RunTime:0.000086s ]
INFO: [ view_filter ] --END-- [ RunTime:0.000105s ]
INFO: [ app_end ] --START--
INFO: Run Behavior\ShowPageTraceBehavior [ RunTime:0.000265s ]
INFO: [ app_end ] --END-- [ RunTime:0.000289s ]

[ 2016-04-10T22:33:57+08:00 ] ::1 /myblog/index.php/Admin/Content/addContent.html
INFO: [ app_init ] --START--
INFO: Run Behavior\BuildLiteBehavior [ RunTime:0.000009s ]
INFO: [ app_init ] --END-- [ RunTime:0.000194s ]
INFO: [ app_begin ] --START--
INFO: Run Behavior\ReadHtmlCacheBehavior [ RunTime:0.000248s ]
INFO: [ app_begin ] --END-- [ RunTime:0.000273s ]
SQL: SHOW COLUMNS FROM `cl_category` [ RunTime:0.0092s ]
SQL: SELECT `id`,`name`,`remark` FROM `cl_category`  [ RunTime:0.0004s ]
INFO: [ view_parse ] --START--
INFO: [ template_filter ] --START--
INFO: Run Behavior\ContentReplaceBehavior [ RunTime:0.000051s ]
INFO: [ template_filter ] --END-- [ RunTime:0.000105s ]
NOTIC: [8] Undefined variable: h /Applications/XAMPP/xamppfiles/htdocs/myblog/Runtime/Cache/Admin/5a2d0f61786038b804981a1e11c1a793.php 第 92 行.
NOTIC: [8] Undefined variable: breadcrumb /Applications/XAMPP/xamppfiles/htdocs/myblog/Runtime/Cache/Admin/5a2d0f61786038b804981a1e11c1a793.php 第 96 行.
NOTIC: [8] Undefined variable: list /Applications/XAMPP/xamppfiles/htdocs/myblog/Runtime/Cache/Admin/5a2d0f61786038b804981a1e11c1a793.php 第 106 行.
INFO: Run Behavior\ParseTemplateBehavior [ RunTime:0.010875s ]
INFO: [ view_parse ] --END-- [ RunTime:0.010936s ]
INFO: [ view_filter ] --START--
INFO: Run Behavior\WriteHtmlCacheBehavior [ RunTime:0.000137s ]
INFO: [ view_filter ] --END-- [ RunTime:0.000167s ]
INFO: [ app_end ] --START--
INFO: Run Behavior\ShowPageTraceBehavior [ RunTime:0.000383s ]
INFO: [ app_end ] --END-- [ RunTime:0.000416s ]

