[ 2016-04-09T00:01:21+08:00 ] ::1 /myblog/admin
INFO: [ app_init ] --START--
INFO: Run Behavior\BuildLiteBehavior [ RunTime:0.000007s ]
INFO: [ app_init ] --END-- [ RunTime:0.000174s ]
INFO: [ app_begin ] --START--
INFO: Run Behavior\ReadHtmlCacheBehavior [ RunTime:0.000222s ]
INFO: [ app_begin ] --END-- [ RunTime:0.000247s ]
INFO: [ view_parse ] --START--
INFO: [ template_filter ] --START--
INFO: Run Behavior\ContentReplaceBehavior [ RunTime:0.000028s ]
INFO: [ template_filter ] --END-- [ RunTime:0.000067s ]
NOTIC: [8] Use of undefined constant childs - assumed 'childs' /Applications/XAMPP/xamppfiles/htdocs/myblog/Runtime/Cache/Admin/9df924d9a2d217daa77a359c5bee0c33.php 第 20 行.
NOTIC: [8] Use of undefined constant childs - assumed 'childs' /Applications/XAMPP/xamppfiles/htdocs/myblog/Runtime/Cache/Admin/9df924d9a2d217daa77a359c5bee0c33.php 第 22 行.
NOTIC: [8] Use of undefined constant childs - assumed 'childs' /Applications/XAMPP/xamppfiles/htdocs/myblog/Runtime/Cache/Admin/9df924d9a2d217daa77a359c5bee0c33.php 第 22 行.
NOTIC: [8] Use of undefined constant childs - assumed 'childs' /Applications/XAMPP/xamppfiles/htdocs/myblog/Runtime/Cache/Admin/9df924d9a2d217daa77a359c5bee0c33.php 第 20 行.
NOTIC: [8] Use of undefined constant childs - assumed 'childs' /Applications/XAMPP/xamppfiles/htdocs/myblog/Runtime/Cache/Admin/9df924d9a2d217daa77a359c5bee0c33.php 第 22 行.
NOTIC: [8] Use of undefined constant childs - assumed 'childs' /Applications/XAMPP/xamppfiles/htdocs/myblog/Runtime/Cache/Admin/9df924d9a2d217daa77a359c5bee0c33.php 第 22 行.
NOTIC: [8] Use of undefined constant childs - assumed 'childs' /Applications/XAMPP/xamppfiles/htdocs/myblog/Runtime/Cache/Admin/9df924d9a2d217daa77a359c5bee0c33.php 第 20 行.
NOTIC: [8] Use of undefined constant childs - assumed 'childs' /Applications/XAMPP/xamppfiles/htdocs/myblog/Runtime/Cache/Admin/9df924d9a2d217daa77a359c5bee0c33.php 第 22 行.
NOTIC: [8] Use of undefined constant childs - assumed 'childs' /Applications/XAMPP/xamppfiles/htdocs/myblog/Runtime/Cache/Admin/9df924d9a2d217daa77a359c5bee0c33.php 第 22 行.
NOTIC: [8] Use of undefined constant childs - assumed 'childs' /Applications/XAMPP/xamppfiles/htdocs/myblog/Runtime/Cache/Admin/9df924d9a2d217daa77a359c5bee0c33.php 第 20 行.
NOTIC: [8] Use of undefined constant childs - assumed 'childs' /Applications/XAMPP/xamppfiles/htdocs/myblog/Runtime/Cache/Admin/9df924d9a2d217daa77a359c5bee0c33.php 第 22 行.
NOTIC: [8] Use of undefined constant childs - assumed 'childs' /Applications/XAMPP/xamppfiles/htdocs/myblog/Runtime/Cache/Admin/9df924d9a2d217daa77a359c5bee0c33.php 第 22 行.
NOTIC: [8] Use of undefined constant childs - assumed 'childs' /Applications/XAMPP/xamppfiles/htdocs/myblog/Runtime/Cache/Admin/9df924d9a2d217daa77a359c5bee0c33.php 第 20 行.
NOTIC: [8] Use of undefined constant childs - assumed 'childs' /Applications/XAMPP/xamppfiles/htdocs/myblog/Runtime/Cache/Admin/9df924d9a2d217daa77a359c5bee0c33.php 第 22 行.
NOTIC: [8] Use of undefined constant childs - assumed 'childs' /Applications/XAMPP/xamppfiles/htdocs/myblog/Runtime/Cache/Admin/9df924d9a2d217daa77a359c5bee0c33.php 第 22 行.
INFO: Run Behavior\ParseTemplateBehavior [ RunTime:0.006389s ]
INFO: [ view_parse ] --END-- [ RunTime:0.006419s ]
INFO: [ view_filter ] --START--
INFO: Run Behavior\WriteHtmlCacheBehavior [ RunTime:0.000101s ]
INFO: [ view_filter ] --END-- [ RunTime:0.000121s ]
INFO: [ app_end ] --START--
INFO: Run Behavior\ShowPageTraceBehavior [ RunTime:0.000291s ]
INFO: [ app_end ] --END-- [ RunTime:0.000316s ]

